00:22:25.641 [TestNG-test-Chrome Test-1] INFO  testcases.RegisterAllFieldsTest - Starting test on browser: chrome
00:25:36.076 [TestNG-test-Chrome Test-1] INFO  testcases.RegisterMandatoryFieldsTest - Starting test on browser: chrome
00:25:39.992 [TestNG-test-Chrome Test-1] INFO  testcases.RegisterMandatoryFieldsTest - Starting Register test with mandatory fields
00:25:39.995 [TestNG-test-Chrome Test-1] INFO  pages.HomePage - Navigating to Register Page
00:25:41.309 [TestNG-test-Chrome Test-1] INFO  utils.TestDataUtil - Generated First Name: Chris
00:25:41.309 [TestNG-test-Chrome Test-1] INFO  utils.TestDataUtil - Generated Last Name: Smith
00:25:41.309 [TestNG-test-Chrome Test-1] INFO  utils.TestDataUtil - Generated Email: testuser_20260214002541_283@testmail.com
00:25:41.315 [TestNG-test-Chrome Test-1] INFO  utils.TestDataUtil - Generated Phone Number: 1779462590
00:25:41.320 [TestNG-test-Chrome Test-1] INFO  utils.TestDataUtil - Generated Strong Password
00:25:41.324 [TestNG-test-Chrome Test-1] INFO  pages.RegisterPage - Registering user with mandatory fields
00:25:44.442 [TestNG-test-Chrome Test-1] INFO  pages.AccountSuccessPage - Validating Account Success page
00:25:45.062 [TestNG-test-Chrome Test-1] INFO  pages.AccountPage - Validating Account page
00:25:45.749 [TestNG-test-Edge Test-1] INFO  testcases.RegisterMandatoryFieldsTest - Starting test on browser: edge
00:25:49.268 [TestNG-test-Edge Test-1] INFO  testcases.RegisterMandatoryFieldsTest - Starting Register test with mandatory fields
00:25:49.275 [TestNG-test-Edge Test-1] INFO  pages.HomePage - Navigating to Register Page
00:25:50.650 [TestNG-test-Edge Test-1] INFO  utils.TestDataUtil - Generated First Name: Michael
00:25:50.650 [TestNG-test-Edge Test-1] INFO  utils.TestDataUtil - Generated Last Name: Smith
00:25:50.650 [TestNG-test-Edge Test-1] INFO  utils.TestDataUtil - Generated Email: testuser_20260214002550_893@testmail.com
00:25:50.650 [TestNG-test-Edge Test-1] INFO  utils.TestDataUtil - Generated Phone Number: 1567317682
00:25:50.650 [TestNG-test-Edge Test-1] INFO  utils.TestDataUtil - Generated Strong Password
00:25:50.650 [TestNG-test-Edge Test-1] INFO  pages.RegisterPage - Registering user with mandatory fields
00:25:53.494 [TestNG-test-Edge Test-1] INFO  pages.AccountSuccessPage - Validating Account Success page
00:25:54.108 [TestNG-test-Edge Test-1] INFO  pages.AccountPage - Validating Account page
00:25:54.594 [TestNG-test-Firefox Test-1] INFO  testcases.RegisterMandatoryFieldsTest - Starting test on browser: firefox
00:26:00.365 [TestNG-test-Firefox Test-1] INFO  testcases.RegisterMandatoryFieldsTest - Starting Register test with mandatory fields
00:26:00.365 [TestNG-test-Firefox Test-1] INFO  pages.HomePage - Navigating to Register Page
00:26:01.397 [TestNG-test-Firefox Test-1] INFO  utils.TestDataUtil - Generated First Name: Daniel
00:26:01.397 [TestNG-test-Firefox Test-1] INFO  utils.TestDataUtil - Generated Last Name: Johnson
00:26:01.397 [TestNG-test-Firefox Test-1] INFO  utils.TestDataUtil - Generated Email: testuser_20260214002601_890@testmail.com
00:26:01.397 [TestNG-test-Firefox Test-1] INFO  utils.TestDataUtil - Generated Phone Number: 1792137053
00:26:01.397 [TestNG-test-Firefox Test-1] INFO  utils.TestDataUtil - Generated Strong Password
00:26:01.397 [TestNG-test-Firefox Test-1] INFO  pages.RegisterPage - Registering user with mandatory fields
00:26:03.001 [TestNG-test-Firefox Test-1] INFO  pages.AccountSuccessPage - Validating Account Success page
00:26:03.587 [TestNG-test-Firefox Test-1] INFO  pages.AccountPage - Validating Account page
00:39:15.225 [TestNG-test-Test-2] INFO  testcases.RegisterAllFieldsTest - Starting test on browser: chrome
00:39:15.225 [TestNG-test-Test-1] INFO  testcases.RegisterMandatoryFieldsTest - Starting test on browser: chrome
00:39:19.542 [TestNG-test-Test-2] INFO  testcases.RegisterAllFieldsTest - Starting Register test with all fields
00:39:19.542 [TestNG-test-Test-2] INFO  pages.HomePage - Navigating to Register Page
00:39:20.106 [TestNG-test-Test-1] INFO  testcases.RegisterMandatoryFieldsTest - Starting Register test with mandatory fields
00:39:20.106 [TestNG-test-Test-1] INFO  pages.HomePage - Navigating to Register Page
00:39:21.066 [TestNG-test-Test-2] INFO  utils.TestDataUtil - Generated First Name: John
00:39:21.072 [TestNG-test-Test-2] INFO  utils.TestDataUtil - Generated Last Name: Johnson
00:39:21.074 [TestNG-test-Test-2] INFO  utils.TestDataUtil - Generated Email: testuser_20260214003921_863@testmail.com
00:39:21.074 [TestNG-test-Test-2] INFO  utils.TestDataUtil - Generated Phone Number: 1182228844
00:39:21.082 [TestNG-test-Test-2] INFO  utils.TestDataUtil - Generated Strong Password
00:39:21.082 [TestNG-test-Test-2] INFO  pages.RegisterPage - Registering user with all fields
00:39:21.247 [TestNG-test-Test-1] INFO  utils.TestDataUtil - Generated First Name: Chris
00:39:21.250 [TestNG-test-Test-1] INFO  utils.TestDataUtil - Generated Last Name: Smith
00:39:21.250 [TestNG-test-Test-1] INFO  utils.TestDataUtil - Generated Email: testuser_20260214003921_638@testmail.com
00:39:21.250 [TestNG-test-Test-1] INFO  utils.TestDataUtil - Generated Phone Number: 1665240127
00:39:21.252 [TestNG-test-Test-1] INFO  utils.TestDataUtil - Generated Strong Password
00:39:21.252 [TestNG-test-Test-1] INFO  pages.RegisterPage - Registering user with mandatory fields
00:39:24.660 [TestNG-test-Test-1] INFO  pages.AccountSuccessPage - Validating Account Success page
00:39:24.984 [TestNG-test-Test-2] INFO  pages.AccountSuccessPage - Validating Account Success page
00:39:25.093 [TestNG-test-Test-2] INFO  pages.AccountPage - Validating Account page
00:39:25.411 [TestNG-test-Test-1] INFO  pages.AccountPage - Validating Account page
00:40:43.807 [TestNG-test-Test-1] INFO  testcases.RegisterMandatoryFieldsTest - Starting test on browser: chrome
00:40:43.807 [TestNG-test-Test-2] INFO  testcases.RegisterAllFieldsTest - Starting test on browser: chrome
00:40:48.481 [TestNG-test-Test-1] INFO  testcases.RegisterMandatoryFieldsTest - Starting Register test with mandatory fields
00:40:48.499 [TestNG-test-Test-1] INFO  pages.HomePage - Navigating to Register Page
00:40:48.655 [TestNG-test-Test-2] INFO  testcases.RegisterAllFieldsTest - Starting Register test with all fields
00:40:48.657 [TestNG-test-Test-2] INFO  pages.HomePage - Navigating to Register Page
00:40:49.747 [TestNG-test-Test-1] INFO  utils.TestDataUtil - Generated First Name: Chris
00:40:49.747 [TestNG-test-Test-1] INFO  utils.TestDataUtil - Generated Last Name: Williams
00:40:49.751 [TestNG-test-Test-1] INFO  utils.TestDataUtil - Generated Email: testuser_20260214004049_746@testmail.com
00:40:49.751 [TestNG-test-Test-1] INFO  utils.TestDataUtil - Generated Phone Number: 1192452605
00:40:49.755 [TestNG-test-Test-1] INFO  utils.TestDataUtil - Generated Strong Password
00:40:49.755 [TestNG-test-Test-1] INFO  pages.RegisterPage - Registering user with mandatory fields
00:40:50.072 [TestNG-test-Test-2] INFO  utils.TestDataUtil - Generated First Name: Chris
00:40:50.072 [TestNG-test-Test-2] INFO  utils.TestDataUtil - Generated Last Name: Smith
00:40:50.072 [TestNG-test-Test-2] INFO  utils.TestDataUtil - Generated Email: testuser_20260214004050_576@testmail.com
00:40:50.072 [TestNG-test-Test-2] INFO  utils.TestDataUtil - Generated Phone Number: 1153367035
00:40:50.072 [TestNG-test-Test-2] INFO  utils.TestDataUtil - Generated Strong Password
00:40:50.072 [TestNG-test-Test-2] INFO  pages.RegisterPage - Registering user with all fields
00:40:52.745 [TestNG-test-Test-1] INFO  pages.AccountSuccessPage - Validating Account Success page
00:40:53.487 [TestNG-test-Test-1] INFO  pages.AccountPage - Validating Account page
00:40:53.680 [TestNG-test-Test-2] INFO  pages.AccountSuccessPage - Validating Account Success page
00:40:53.747 [TestNG-test-Test-2] INFO  pages.AccountPage - Validating Account page
00:44:01.657 [TestNG-test-Test-1] INFO  testcases.RegisterAllFieldsTest - Starting test on browser: chrome
00:44:06.305 [TestNG-test-Test-1] INFO  testcases.RegisterAllFieldsTest - Starting Register test with all fields
00:44:06.305 [TestNG-test-Test-1] INFO  pages.HomePage - Navigating to Register Page
00:44:07.876 [TestNG-test-Test-1] INFO  utils.TestDataUtil - Generated First Name: Michael
00:44:07.878 [TestNG-test-Test-1] INFO  utils.TestDataUtil - Generated Last Name: Williams
00:44:07.881 [TestNG-test-Test-1] INFO  utils.TestDataUtil - Generated Email: testuser_20260214004407_118@testmail.com
00:44:07.881 [TestNG-test-Test-1] INFO  utils.TestDataUtil - Generated Phone Number: 1507038206
00:44:07.887 [TestNG-test-Test-1] INFO  utils.TestDataUtil - Generated Strong Password
00:44:07.887 [TestNG-test-Test-1] INFO  pages.RegisterPage - Registering user with all fields
00:44:10.416 [TestNG-test-Test-1] INFO  pages.AccountSuccessPage - Validating Account Success page
00:44:10.486 [TestNG-test-Test-1] INFO  pages.AccountPage - Validating Account page
00:45:23.338 [TestNG-test-Test-1] INFO  testcases.RegisterAllFieldsTest - Starting test on browser: chrome
00:45:28.636 [TestNG-test-Test-1] INFO  testcases.RegisterAllFieldsTest - Starting Register test with all fields
00:45:28.638 [TestNG-test-Test-1] INFO  pages.HomePage - Navigating to Register Page
00:45:29.995 [TestNG-test-Test-1] INFO  utils.TestDataUtil - Generated First Name: David
00:45:29.995 [TestNG-test-Test-1] INFO  utils.TestDataUtil - Generated Last Name: Williams
00:45:29.995 [TestNG-test-Test-1] INFO  utils.TestDataUtil - Generated Email: testuser_20260214004529_266@testmail.com
00:45:29.995 [TestNG-test-Test-1] INFO  utils.TestDataUtil - Generated Phone Number: 1250529906
00:45:30.004 [TestNG-test-Test-1] INFO  utils.TestDataUtil - Generated Strong Password
00:45:30.004 [TestNG-test-Test-1] INFO  pages.RegisterPage - Registering user with all fields
00:45:32.340 [TestNG-test-Test-1] INFO  pages.AccountSuccessPage - Validating Account Success page
00:45:32.945 [TestNG-test-Test-1] INFO  pages.AccountPage - Validating Account page
00:46:57.081 [TestNG-test-Test-1] INFO  testcases.RegisterAllFieldsTest - Starting test on browser: chrome
00:47:01.551 [TestNG-test-Test-1] INFO  testcases.RegisterAllFieldsTest - Starting Register test with all fields
00:47:01.551 [TestNG-test-Test-1] INFO  pages.HomePage - Navigating to Register Page
00:47:02.538 [TestNG-test-Test-1] INFO  utils.TestDataUtil - Generated First Name: David
00:47:02.538 [TestNG-test-Test-1] INFO  utils.TestDataUtil - Generated Last Name: Williams
00:47:02.541 [TestNG-test-Test-1] INFO  utils.TestDataUtil - Generated Email: testuser_20260214004702_358@testmail.com
00:47:02.542 [TestNG-test-Test-1] INFO  utils.TestDataUtil - Generated Phone Number: 1608216248
00:47:02.547 [TestNG-test-Test-1] INFO  utils.TestDataUtil - Generated Strong Password
00:47:02.547 [TestNG-test-Test-1] INFO  pages.RegisterPage - Registering user with all fields
00:47:04.792 [TestNG-test-Test-1] INFO  pages.AccountSuccessPage - Validating Account Success page
00:47:05.418 [TestNG-test-Test-1] INFO  pages.AccountPage - Validating Account page
00:49:06.494 [TestNG-test-Test-1] INFO  testcases.RegisterAllFieldsTest - Starting test on browser: chrome
00:49:14.600 [TestNG-test-Test-1] INFO  testcases.RegisterAllFieldsTest - Starting Register test with all fields
00:49:14.611 [TestNG-test-Test-1] INFO  pages.HomePage - Navigating to Register Page
00:49:15.874 [TestNG-test-Test-1] INFO  utils.TestDataUtil - Generated First Name: Michael
00:49:15.874 [TestNG-test-Test-1] INFO  utils.TestDataUtil - Generated Last Name: Smith
00:49:15.882 [TestNG-test-Test-1] INFO  utils.TestDataUtil - Generated Email: testuser_20260214004915_249@testmail.com
00:49:15.882 [TestNG-test-Test-1] INFO  utils.TestDataUtil - Generated Phone Number: 1654264648
00:49:15.893 [TestNG-test-Test-1] INFO  utils.TestDataUtil - Generated Strong Password
00:49:15.893 [TestNG-test-Test-1] INFO  pages.RegisterPage - Registering user with all fields
00:49:19.235 [TestNG-test-Test-1] INFO  pages.AccountSuccessPage - Validating Account Success page
00:49:19.833 [TestNG-test-Test-1] INFO  pages.AccountPage - Validating Account page
00:59:58.004 [TestNG-test-Test-1] INFO  testcases.RegisterAllFieldsTest - Starting test on browser: chrome
01:00:03.012 [TestNG-test-Test-1] INFO  testcases.RegisterAllFieldsTest - Starting Register test with all fields
01:00:03.018 [TestNG-test-Test-1] INFO  pages.HomePage - Navigating to Register Page
01:00:04.024 [TestNG-test-Test-1] INFO  utils.TestDataUtil - Generated First Name: Chris
01:00:04.024 [TestNG-test-Test-1] INFO  utils.TestDataUtil - Generated Last Name: Johnson
01:00:04.024 [TestNG-test-Test-1] INFO  utils.TestDataUtil - Generated Email: testuser_20260214010004_602@testmail.com
01:00:04.024 [TestNG-test-Test-1] INFO  utils.TestDataUtil - Generated Phone Number: 1757686766
01:00:04.028 [TestNG-test-Test-1] INFO  utils.TestDataUtil - Generated Strong Password
01:00:04.031 [TestNG-test-Test-1] INFO  pages.RegisterPage - Registering user with all fields
01:00:06.244 [TestNG-test-Test-1] INFO  pages.AccountSuccessPage - Validating Account Success page
01:00:08.662 [TestNG-test-Test-1] INFO  pages.AccountPage - Validating Account page
01:33:01.730 [TestNG-test-Test-1] INFO  testcases.RegisterAllFieldsTest - Starting test on browser: chrome | Headless: false
01:33:03.515 [TestNG-test-Test-1] INFO  io.github.bonigarcia.wdm.WebDriverManager - Using chromedriver 144.0.7559.133 (resolved driver for Chrome 144)
01:33:03.573 [TestNG-test-Test-1] INFO  io.github.bonigarcia.wdm.WebDriverManager - Exporting webdriver.chrome.driver as C:\Users\henry\.cache\selenium\chromedriver\win64\144.0.7559.133\chromedriver.exe
01:33:07.480 [TestNG-test-Test-1] INFO  testcases.RegisterAllFieldsTest - Starting Register test with all fields
01:33:07.480 [TestNG-test-Test-1] INFO  pages.HomePage - Navigating to Register Page
01:33:08.460 [TestNG-test-Test-1] INFO  utils.TestDataUtil - Generated First Name: Michael
01:33:08.461 [TestNG-test-Test-1] INFO  utils.TestDataUtil - Generated Last Name: Williams
01:33:08.461 [TestNG-test-Test-1] INFO  utils.TestDataUtil - Generated Email: testuser_20260214013308_341@testmail.com
01:33:08.462 [TestNG-test-Test-1] INFO  utils.TestDataUtil - Generated Phone Number: 1281775532
01:33:08.463 [TestNG-test-Test-1] INFO  utils.TestDataUtil - Generated Strong Password
01:33:08.463 [TestNG-test-Test-1] INFO  pages.RegisterPage - Registering user with all fields
01:33:10.875 [TestNG-test-Test-1] INFO  pages.AccountSuccessPage - Validating Account Success page
01:33:11.571 [TestNG-test-Test-1] INFO  pages.AccountPage - Validating Account page
01:34:27.824 [TestNG-test-Test-1] INFO  testcases.RegisterAllFieldsTest - Starting test on browser: chrome | Headless: true
01:34:28.147 [TestNG-test-Test-1] INFO  io.github.bonigarcia.wdm.WebDriverManager - Using chromedriver 144.0.7559.133 (resolved driver for Chrome 144)
01:34:28.184 [TestNG-test-Test-1] INFO  io.github.bonigarcia.wdm.WebDriverManager - Exporting webdriver.chrome.driver as C:\Users\henry\.cache\selenium\chromedriver\win64\144.0.7559.133\chromedriver.exe
01:34:31.564 [TestNG-test-Test-1] INFO  testcases.RegisterAllFieldsTest - Starting Register test with all fields
01:34:31.565 [TestNG-test-Test-1] INFO  pages.HomePage - Navigating to Register Page
01:35:35.150 [TestNG-test-Test-1] INFO  testcases.RegisterAllFieldsTest - Starting test on browser: chrome | Headless: true
01:35:35.490 [TestNG-test-Test-1] INFO  io.github.bonigarcia.wdm.WebDriverManager - Using chromedriver 144.0.7559.133 (resolved driver for Chrome 144)
01:35:35.530 [TestNG-test-Test-1] INFO  io.github.bonigarcia.wdm.WebDriverManager - Exporting webdriver.chrome.driver as C:\Users\henry\.cache\selenium\chromedriver\win64\144.0.7559.133\chromedriver.exe
01:35:38.866 [TestNG-test-Test-1] INFO  testcases.RegisterAllFieldsTest - Starting Register test with all fields
01:35:38.867 [TestNG-test-Test-1] INFO  pages.HomePage - Navigating to Register Page
01:36:24.815 [TestNG-test-Test-1] INFO  testcases.RegisterAllFieldsTest - Starting test on browser: chrome | Headless: false
01:36:25.148 [TestNG-test-Test-1] INFO  io.github.bonigarcia.wdm.WebDriverManager - Using chromedriver 144.0.7559.133 (resolved driver for Chrome 144)
01:36:25.190 [TestNG-test-Test-1] INFO  io.github.bonigarcia.wdm.WebDriverManager - Exporting webdriver.chrome.driver as C:\Users\henry\.cache\selenium\chromedriver\win64\144.0.7559.133\chromedriver.exe
01:36:28.780 [TestNG-test-Test-1] INFO  testcases.RegisterAllFieldsTest - Starting Register test with all fields
01:36:28.782 [TestNG-test-Test-1] INFO  pages.HomePage - Navigating to Register Page
01:36:29.695 [TestNG-test-Test-1] INFO  utils.TestDataUtil - Generated First Name: John
01:36:29.695 [TestNG-test-Test-1] INFO  utils.TestDataUtil - Generated Last Name: Johnson
01:36:29.697 [TestNG-test-Test-1] INFO  utils.TestDataUtil - Generated Email: testuser_20260214013629_72@testmail.com
01:36:29.697 [TestNG-test-Test-1] INFO  utils.TestDataUtil - Generated Phone Number: 1242541588
01:36:29.701 [TestNG-test-Test-1] INFO  utils.TestDataUtil - Generated Strong Password
01:36:29.701 [TestNG-test-Test-1] INFO  pages.RegisterPage - Registering user with all fields
01:36:32.349 [TestNG-test-Test-1] INFO  pages.AccountSuccessPage - Validating Account Success page
01:36:32.985 [TestNG-test-Test-1] INFO  pages.AccountPage - Validating Account page
01:37:55.294 [TestNG-test-Test-1] INFO  testcases.RegisterAllFieldsTest - Starting test on browser: chrome | Headless: false
01:37:55.594 [TestNG-test-Test-1] INFO  io.github.bonigarcia.wdm.WebDriverManager - Using chromedriver 144.0.7559.133 (resolved driver for Chrome 144)
01:37:55.633 [TestNG-test-Test-1] INFO  io.github.bonigarcia.wdm.WebDriverManager - Exporting webdriver.chrome.driver as C:\Users\henry\.cache\selenium\chromedriver\win64\144.0.7559.133\chromedriver.exe
01:37:59.060 [TestNG-test-Test-1] INFO  testcases.RegisterAllFieldsTest - Starting Register test with all fields
01:37:59.060 [TestNG-test-Test-1] INFO  pages.HomePage - Navigating to Register Page
01:37:59.928 [TestNG-test-Test-1] INFO  utils.TestDataUtil - Generated First Name: Chris
01:37:59.928 [TestNG-test-Test-1] INFO  utils.TestDataUtil - Generated Last Name: Taylor
01:37:59.929 [TestNG-test-Test-1] INFO  utils.TestDataUtil - Generated Email: testuser_20260214013759_404@testmail.com
01:37:59.929 [TestNG-test-Test-1] INFO  utils.TestDataUtil - Generated Phone Number: 1796159846
01:37:59.931 [TestNG-test-Test-1] INFO  utils.TestDataUtil - Generated Strong Password
01:37:59.932 [TestNG-test-Test-1] INFO  pages.RegisterPage - Registering user with all fields
01:38:01.270 [TestNG-test-Test-1] INFO  pages.AccountSuccessPage - Validating Account Success page
01:38:02.972 [TestNG-test-Test-1] INFO  pages.AccountPage - Validating Account page
01:39:41.537 [TestNG-test-Chrome Test-1] INFO  testcases.RegisterMandatoryFieldsTest - Starting test on browser: chrome | Headless: false
01:39:41.900 [TestNG-test-Chrome Test-1] INFO  io.github.bonigarcia.wdm.WebDriverManager - Using chromedriver 144.0.7559.133 (resolved driver for Chrome 144)
01:39:41.943 [TestNG-test-Chrome Test-1] INFO  io.github.bonigarcia.wdm.WebDriverManager - Exporting webdriver.chrome.driver as C:\Users\henry\.cache\selenium\chromedriver\win64\144.0.7559.133\chromedriver.exe
01:39:46.191 [TestNG-test-Chrome Test-1] INFO  testcases.RegisterMandatoryFieldsTest - Starting Register test with mandatory fields
01:39:46.191 [TestNG-test-Chrome Test-1] INFO  pages.HomePage - Navigating to Register Page
01:39:47.151 [TestNG-test-Chrome Test-1] INFO  utils.TestDataUtil - Generated First Name: Chris
01:39:47.152 [TestNG-test-Chrome Test-1] INFO  utils.TestDataUtil - Generated Last Name: Taylor
01:39:47.153 [TestNG-test-Chrome Test-1] INFO  utils.TestDataUtil - Generated Email: testuser_20260214013947_33@testmail.com
01:39:47.154 [TestNG-test-Chrome Test-1] INFO  utils.TestDataUtil - Generated Phone Number: 1632121794
01:39:47.162 [TestNG-test-Chrome Test-1] INFO  utils.TestDataUtil - Generated Strong Password
01:39:47.162 [TestNG-test-Chrome Test-1] INFO  pages.RegisterPage - Registering user with mandatory fields
01:39:49.274 [TestNG-test-Chrome Test-1] INFO  pages.AccountSuccessPage - Validating Account Success page
01:39:50.037 [TestNG-test-Chrome Test-1] INFO  pages.AccountPage - Validating Account page
01:39:50.697 [TestNG-test-Edge Test-1] INFO  testcases.RegisterMandatoryFieldsTest - Starting test on browser: chrome | Headless: false
01:39:50.707 [TestNG-test-Edge Test-1] INFO  io.github.bonigarcia.wdm.WebDriverManager - Using chromedriver 144.0.7559.133 (resolved driver for Chrome 144)
01:39:50.716 [TestNG-test-Edge Test-1] INFO  io.github.bonigarcia.wdm.WebDriverManager - Exporting webdriver.chrome.driver as C:\Users\henry\.cache\selenium\chromedriver\win64\144.0.7559.133\chromedriver.exe
01:39:55.059 [TestNG-test-Edge Test-1] INFO  testcases.RegisterMandatoryFieldsTest - Starting Register test with mandatory fields
01:39:55.059 [TestNG-test-Edge Test-1] INFO  pages.HomePage - Navigating to Register Page
01:39:56.432 [TestNG-test-Edge Test-1] INFO  utils.TestDataUtil - Generated First Name: John
01:39:56.432 [TestNG-test-Edge Test-1] INFO  utils.TestDataUtil - Generated Last Name: Brown
01:39:56.432 [TestNG-test-Edge Test-1] INFO  utils.TestDataUtil - Generated Email: testuser_20260214013956_561@testmail.com
01:39:56.432 [TestNG-test-Edge Test-1] INFO  utils.TestDataUtil - Generated Phone Number: 1339053410
01:39:56.432 [TestNG-test-Edge Test-1] INFO  utils.TestDataUtil - Generated Strong Password
01:39:56.432 [TestNG-test-Edge Test-1] INFO  pages.RegisterPage - Registering user with mandatory fields
01:39:58.975 [TestNG-test-Edge Test-1] INFO  pages.AccountSuccessPage - Validating Account Success page
01:39:59.677 [TestNG-test-Edge Test-1] INFO  pages.AccountPage - Validating Account page
01:40:00.057 [TestNG-test-Firefox Test-1] INFO  testcases.RegisterMandatoryFieldsTest - Starting test on browser: chrome | Headless: false
01:40:00.074 [TestNG-test-Firefox Test-1] INFO  io.github.bonigarcia.wdm.WebDriverManager - Using chromedriver 144.0.7559.133 (resolved driver for Chrome 144)
01:40:00.082 [TestNG-test-Firefox Test-1] INFO  io.github.bonigarcia.wdm.WebDriverManager - Exporting webdriver.chrome.driver as C:\Users\henry\.cache\selenium\chromedriver\win64\144.0.7559.133\chromedriver.exe
01:40:03.540 [TestNG-test-Firefox Test-1] INFO  testcases.RegisterMandatoryFieldsTest - Starting Register test with mandatory fields
01:40:03.540 [TestNG-test-Firefox Test-1] INFO  pages.HomePage - Navigating to Register Page
01:40:04.613 [TestNG-test-Firefox Test-1] INFO  utils.TestDataUtil - Generated First Name: Chris
01:40:04.614 [TestNG-test-Firefox Test-1] INFO  utils.TestDataUtil - Generated Last Name: Johnson
01:40:04.614 [TestNG-test-Firefox Test-1] INFO  utils.TestDataUtil - Generated Email: testuser_20260214014004_349@testmail.com
01:40:04.615 [TestNG-test-Firefox Test-1] INFO  utils.TestDataUtil - Generated Phone Number: 1742155601
01:40:04.615 [TestNG-test-Firefox Test-1] INFO  utils.TestDataUtil - Generated Strong Password
01:40:04.615 [TestNG-test-Firefox Test-1] INFO  pages.RegisterPage - Registering user with mandatory fields
01:40:10.352 [TestNG-test-Firefox Test-1] INFO  pages.AccountSuccessPage - Validating Account Success page
01:40:11.287 [TestNG-test-Firefox Test-1] INFO  pages.AccountPage - Validating Account page
01:40:39.286 [TestNG-test-Chrome Test-1] INFO  testcases.RegisterMandatoryFieldsTest - Starting test on browser: chrome | Headless: false
01:40:39.612 [TestNG-test-Chrome Test-1] INFO  io.github.bonigarcia.wdm.WebDriverManager - Using chromedriver 144.0.7559.133 (resolved driver for Chrome 144)
01:40:39.658 [TestNG-test-Chrome Test-1] INFO  io.github.bonigarcia.wdm.WebDriverManager - Exporting webdriver.chrome.driver as C:\Users\henry\.cache\selenium\chromedriver\win64\144.0.7559.133\chromedriver.exe
01:40:43.172 [TestNG-test-Chrome Test-1] INFO  testcases.RegisterMandatoryFieldsTest - Starting Register test with mandatory fields
01:40:43.183 [TestNG-test-Chrome Test-1] INFO  pages.HomePage - Navigating to Register Page
01:40:44.361 [TestNG-test-Chrome Test-1] INFO  utils.TestDataUtil - Generated First Name: John
01:40:44.363 [TestNG-test-Chrome Test-1] INFO  utils.TestDataUtil - Generated Last Name: Taylor
01:40:44.366 [TestNG-test-Chrome Test-1] INFO  utils.TestDataUtil - Generated Email: testuser_20260214014044_977@testmail.com
01:40:44.368 [TestNG-test-Chrome Test-1] INFO  utils.TestDataUtil - Generated Phone Number: 1007090196
01:40:44.375 [TestNG-test-Chrome Test-1] INFO  utils.TestDataUtil - Generated Strong Password
01:40:44.375 [TestNG-test-Chrome Test-1] INFO  pages.RegisterPage - Registering user with mandatory fields
01:40:46.891 [TestNG-test-Chrome Test-1] INFO  pages.AccountSuccessPage - Validating Account Success page
01:40:47.512 [TestNG-test-Chrome Test-1] INFO  pages.AccountPage - Validating Account page
01:40:48.058 [TestNG-test-Edge Test-1] INFO  testcases.RegisterMandatoryFieldsTest - Starting test on browser: chrome | Headless: false
01:40:48.072 [TestNG-test-Edge Test-1] INFO  io.github.bonigarcia.wdm.WebDriverManager - Using chromedriver 144.0.7559.133 (resolved driver for Chrome 144)
01:40:48.082 [TestNG-test-Edge Test-1] INFO  io.github.bonigarcia.wdm.WebDriverManager - Exporting webdriver.chrome.driver as C:\Users\henry\.cache\selenium\chromedriver\win64\144.0.7559.133\chromedriver.exe
01:40:52.639 [TestNG-test-Edge Test-1] INFO  testcases.RegisterMandatoryFieldsTest - Starting Register test with mandatory fields
01:40:52.641 [TestNG-test-Edge Test-1] INFO  pages.HomePage - Navigating to Register Page
01:40:54.278 [TestNG-test-Edge Test-1] INFO  utils.TestDataUtil - Generated First Name: Chris
01:40:54.278 [TestNG-test-Edge Test-1] INFO  utils.TestDataUtil - Generated Last Name: Johnson
01:40:54.280 [TestNG-test-Edge Test-1] INFO  utils.TestDataUtil - Generated Email: testuser_20260214014054_461@testmail.com
01:40:54.280 [TestNG-test-Edge Test-1] INFO  utils.TestDataUtil - Generated Phone Number: 1757573827
01:40:54.280 [TestNG-test-Edge Test-1] INFO  utils.TestDataUtil - Generated Strong Password
01:40:54.280 [TestNG-test-Edge Test-1] INFO  pages.RegisterPage - Registering user with mandatory fields
01:40:56.799 [TestNG-test-Edge Test-1] INFO  pages.AccountSuccessPage - Validating Account Success page
01:40:57.458 [TestNG-test-Edge Test-1] INFO  pages.AccountPage - Validating Account page
01:40:57.833 [TestNG-test-Firefox Test-1] INFO  testcases.RegisterMandatoryFieldsTest - Starting test on browser: chrome | Headless: false
01:40:57.853 [TestNG-test-Firefox Test-1] INFO  io.github.bonigarcia.wdm.WebDriverManager - Using chromedriver 144.0.7559.133 (resolved driver for Chrome 144)
01:40:57.886 [TestNG-test-Firefox Test-1] INFO  io.github.bonigarcia.wdm.WebDriverManager - Exporting webdriver.chrome.driver as C:\Users\henry\.cache\selenium\chromedriver\win64\144.0.7559.133\chromedriver.exe
01:41:01.497 [TestNG-test-Firefox Test-1] INFO  testcases.RegisterMandatoryFieldsTest - Starting Register test with mandatory fields
01:41:01.499 [TestNG-test-Firefox Test-1] INFO  pages.HomePage - Navigating to Register Page
01:41:02.403 [TestNG-test-Firefox Test-1] INFO  utils.TestDataUtil - Generated First Name: Daniel
01:41:02.403 [TestNG-test-Firefox Test-1] INFO  utils.TestDataUtil - Generated Last Name: Williams
01:41:02.404 [TestNG-test-Firefox Test-1] INFO  utils.TestDataUtil - Generated Email: testuser_20260214014102_641@testmail.com
01:41:02.404 [TestNG-test-Firefox Test-1] INFO  utils.TestDataUtil - Generated Phone Number: 1258497915
01:41:02.404 [TestNG-test-Firefox Test-1] INFO  utils.TestDataUtil - Generated Strong Password
01:41:02.404 [TestNG-test-Firefox Test-1] INFO  pages.RegisterPage - Registering user with mandatory fields
01:41:04.723 [TestNG-test-Firefox Test-1] INFO  pages.AccountSuccessPage - Validating Account Success page
01:41:05.270 [TestNG-test-Firefox Test-1] INFO  pages.AccountPage - Validating Account page
01:50:04.820 [TestNG-test-Chrome Test-1] INFO  testcases.RegisterMandatoryFieldsTest - Starting test on browser: chrome | Headless: false
01:50:05.161 [TestNG-test-Chrome Test-1] INFO  io.github.bonigarcia.wdm.WebDriverManager - Using chromedriver 144.0.7559.133 (resolved driver for Chrome 144)
01:50:05.205 [TestNG-test-Chrome Test-1] INFO  io.github.bonigarcia.wdm.WebDriverManager - Exporting webdriver.chrome.driver as C:\Users\henry\.cache\selenium\chromedriver\win64\144.0.7559.133\chromedriver.exe
01:50:09.926 [TestNG-test-Chrome Test-1] INFO  testcases.RegisterMandatoryFieldsTest - Starting Register test with mandatory fields
01:50:09.927 [TestNG-test-Chrome Test-1] INFO  pages.HomePage - Navigating to Register Page
01:50:11.475 [TestNG-test-Chrome Test-1] INFO  utils.TestDataUtil - Generated First Name: Michael
01:50:11.476 [TestNG-test-Chrome Test-1] INFO  utils.TestDataUtil - Generated Last Name: Taylor
01:50:11.477 [TestNG-test-Chrome Test-1] INFO  utils.TestDataUtil - Generated Email: testuser_20260214015011_924@testmail.com
01:50:11.477 [TestNG-test-Chrome Test-1] INFO  utils.TestDataUtil - Generated Phone Number: 1588538025
01:50:11.482 [TestNG-test-Chrome Test-1] INFO  utils.TestDataUtil - Generated Strong Password
01:50:11.482 [TestNG-test-Chrome Test-1] INFO  pages.RegisterPage - Registering user with mandatory fields
01:50:16.180 [TestNG-test-Chrome Test-1] INFO  pages.AccountSuccessPage - Validating Account Success page
01:50:16.767 [TestNG-test-Chrome Test-1] INFO  pages.AccountPage - Validating Account page
01:50:17.527 [TestNG-test-Edge Test-1] INFO  testcases.RegisterMandatoryFieldsTest - Starting test on browser: chrome | Headless: false
01:50:17.540 [TestNG-test-Edge Test-1] INFO  io.github.bonigarcia.wdm.WebDriverManager - Using chromedriver 144.0.7559.133 (resolved driver for Chrome 144)
01:50:17.553 [TestNG-test-Edge Test-1] INFO  io.github.bonigarcia.wdm.WebDriverManager - Exporting webdriver.chrome.driver as C:\Users\henry\.cache\selenium\chromedriver\win64\144.0.7559.133\chromedriver.exe
01:50:20.770 [TestNG-test-Edge Test-1] INFO  testcases.RegisterMandatoryFieldsTest - Starting Register test with mandatory fields
01:50:20.770 [TestNG-test-Edge Test-1] INFO  pages.HomePage - Navigating to Register Page
01:50:22.030 [TestNG-test-Edge Test-1] INFO  utils.TestDataUtil - Generated First Name: Michael
01:50:22.030 [TestNG-test-Edge Test-1] INFO  utils.TestDataUtil - Generated Last Name: Smith
01:50:22.030 [TestNG-test-Edge Test-1] INFO  utils.TestDataUtil - Generated Email: testuser_20260214015022_209@testmail.com
01:50:22.044 [TestNG-test-Edge Test-1] INFO  utils.TestDataUtil - Generated Phone Number: 1588444706
01:50:22.044 [TestNG-test-Edge Test-1] INFO  utils.TestDataUtil - Generated Strong Password
01:50:22.044 [TestNG-test-Edge Test-1] INFO  pages.RegisterPage - Registering user with mandatory fields
01:50:26.040 [TestNG-test-Edge Test-1] INFO  pages.AccountSuccessPage - Validating Account Success page
01:50:26.598 [TestNG-test-Edge Test-1] INFO  pages.AccountPage - Validating Account page
01:50:26.938 [TestNG-test-Firefox Test-1] INFO  testcases.RegisterMandatoryFieldsTest - Starting test on browser: chrome | Headless: false
01:50:26.941 [TestNG-test-Firefox Test-1] INFO  io.github.bonigarcia.wdm.WebDriverManager - Using chromedriver 144.0.7559.133 (resolved driver for Chrome 144)
01:50:26.957 [TestNG-test-Firefox Test-1] INFO  io.github.bonigarcia.wdm.WebDriverManager - Exporting webdriver.chrome.driver as C:\Users\henry\.cache\selenium\chromedriver\win64\144.0.7559.133\chromedriver.exe
01:50:30.069 [TestNG-test-Firefox Test-1] INFO  testcases.RegisterMandatoryFieldsTest - Starting Register test with mandatory fields
01:50:30.069 [TestNG-test-Firefox Test-1] INFO  pages.HomePage - Navigating to Register Page
01:50:31.155 [TestNG-test-Firefox Test-1] INFO  utils.TestDataUtil - Generated First Name: Michael
01:50:31.155 [TestNG-test-Firefox Test-1] INFO  utils.TestDataUtil - Generated Last Name: Brown
01:50:31.156 [TestNG-test-Firefox Test-1] INFO  utils.TestDataUtil - Generated Email: testuser_20260214015031_89@testmail.com
01:50:31.157 [TestNG-test-Firefox Test-1] INFO  utils.TestDataUtil - Generated Phone Number: 1345332037
01:50:31.158 [TestNG-test-Firefox Test-1] INFO  utils.TestDataUtil - Generated Strong Password
01:50:31.159 [TestNG-test-Firefox Test-1] INFO  pages.RegisterPage - Registering user with mandatory fields
01:50:33.755 [TestNG-test-Firefox Test-1] INFO  pages.AccountSuccessPage - Validating Account Success page
01:50:34.383 [TestNG-test-Firefox Test-1] INFO  pages.AccountPage - Validating Account page
01:51:59.521 [TestNG-test-Chrome Test-1] INFO  testcases.RegisterMandatoryFieldsTest - Starting test on browser: null | Headless: false
01:51:59.917 [TestNG-test-Edge Test-1] INFO  testcases.RegisterMandatoryFieldsTest - Starting test on browser: null | Headless: false
01:51:59.956 [TestNG-test-Firefox Test-1] INFO  testcases.RegisterMandatoryFieldsTest - Starting test on browser: null | Headless: false
01:55:19.408 [TestNG-test-Chrome Test-1] INFO  testcases.RegisterMandatoryFieldsTest - Starting test on browser: null | Headless: false
01:55:19.776 [TestNG-test-Edge Test-1] INFO  testcases.RegisterMandatoryFieldsTest - Starting test on browser: null | Headless: false
01:55:19.819 [TestNG-test-Firefox Test-1] INFO  testcases.RegisterMandatoryFieldsTest - Starting test on browser: null | Headless: false
02:01:35.946 [TestNG-test-Chrome Test-1] INFO  testcases.RegisterMandatoryFieldsTest - Starting test on browser: edge | Headless: false
02:01:37.432 [TestNG-test-Chrome Test-1] INFO  io.github.bonigarcia.wdm.WebDriverManager - Using msedgedriver 144.0.3719.115 (resolved driver for Edge 144)
02:01:37.467 [TestNG-test-Chrome Test-1] INFO  io.github.bonigarcia.wdm.WebDriverManager - Exporting webdriver.edge.driver as C:\Users\henry\.cache\selenium\msedgedriver\win64\144.0.3719.115\msedgedriver.exe
02:01:42.477 [TestNG-test-Chrome Test-1] INFO  testcases.RegisterMandatoryFieldsTest - Starting Register test with mandatory fields
02:01:42.483 [TestNG-test-Chrome Test-1] INFO  pages.HomePage - Navigating to Register Page
02:01:44.063 [TestNG-test-Chrome Test-1] INFO  utils.TestDataUtil - Generated First Name: Daniel
02:01:44.064 [TestNG-test-Chrome Test-1] INFO  utils.TestDataUtil - Generated Last Name: Taylor
02:01:44.064 [TestNG-test-Chrome Test-1] INFO  utils.TestDataUtil - Generated Email: testuser_20260214020144_584@testmail.com
02:01:44.065 [TestNG-test-Chrome Test-1] INFO  utils.TestDataUtil - Generated Phone Number: 1337331428
02:01:44.079 [TestNG-test-Chrome Test-1] INFO  utils.TestDataUtil - Generated Strong Password
02:01:44.079 [TestNG-test-Chrome Test-1] INFO  pages.RegisterPage - Registering user with mandatory fields
02:01:46.700 [TestNG-test-Chrome Test-1] INFO  pages.AccountSuccessPage - Validating Account Success page
02:01:47.214 [TestNG-test-Chrome Test-1] INFO  pages.AccountPage - Validating Account page
02:01:47.820 [TestNG-test-Edge Test-1] INFO  testcases.RegisterMandatoryFieldsTest - Starting test on browser: edge | Headless: false
02:01:47.883 [TestNG-test-Edge Test-1] INFO  io.github.bonigarcia.wdm.WebDriverManager - Using msedgedriver 144.0.3719.115 (resolved driver for Edge 144)
02:01:47.892 [TestNG-test-Edge Test-1] INFO  io.github.bonigarcia.wdm.WebDriverManager - Exporting webdriver.edge.driver as C:\Users\henry\.cache\selenium\msedgedriver\win64\144.0.3719.115\msedgedriver.exe
02:01:52.620 [TestNG-test-Edge Test-1] INFO  testcases.RegisterMandatoryFieldsTest - Starting Register test with mandatory fields
02:01:52.624 [TestNG-test-Edge Test-1] INFO  pages.HomePage - Navigating to Register Page
02:01:54.461 [TestNG-test-Edge Test-1] INFO  utils.TestDataUtil - Generated First Name: Daniel
02:01:54.462 [TestNG-test-Edge Test-1] INFO  utils.TestDataUtil - Generated Last Name: Smith
02:01:54.464 [TestNG-test-Edge Test-1] INFO  utils.TestDataUtil - Generated Email: testuser_20260214020154_303@testmail.com
02:01:54.468 [TestNG-test-Edge Test-1] INFO  utils.TestDataUtil - Generated Phone Number: 1266235130
02:01:54.469 [TestNG-test-Edge Test-1] INFO  utils.TestDataUtil - Generated Strong Password
02:01:54.470 [TestNG-test-Edge Test-1] INFO  pages.RegisterPage - Registering user with mandatory fields
02:01:58.473 [TestNG-test-Edge Test-1] INFO  pages.AccountSuccessPage - Validating Account Success page
02:01:59.154 [TestNG-test-Edge Test-1] INFO  pages.AccountPage - Validating Account page
02:01:59.540 [TestNG-test-Firefox Test-1] INFO  testcases.RegisterMandatoryFieldsTest - Starting test on browser: edge | Headless: false
02:01:59.557 [TestNG-test-Firefox Test-1] INFO  io.github.bonigarcia.wdm.WebDriverManager - Using msedgedriver 144.0.3719.115 (resolved driver for Edge 144)
02:01:59.582 [TestNG-test-Firefox Test-1] INFO  io.github.bonigarcia.wdm.WebDriverManager - Exporting webdriver.edge.driver as C:\Users\henry\.cache\selenium\msedgedriver\win64\144.0.3719.115\msedgedriver.exe
02:02:09.085 [TestNG-test-Firefox Test-1] INFO  testcases.RegisterMandatoryFieldsTest - Starting Register test with mandatory fields
02:02:09.090 [TestNG-test-Firefox Test-1] INFO  pages.HomePage - Navigating to Register Page
02:02:10.817 [TestNG-test-Firefox Test-1] INFO  utils.TestDataUtil - Generated First Name: John
02:02:10.817 [TestNG-test-Firefox Test-1] INFO  utils.TestDataUtil - Generated Last Name: Brown
02:02:10.818 [TestNG-test-Firefox Test-1] INFO  utils.TestDataUtil - Generated Email: testuser_20260214020210_26@testmail.com
02:02:10.818 [TestNG-test-Firefox Test-1] INFO  utils.TestDataUtil - Generated Phone Number: 1291242067
02:02:10.818 [TestNG-test-Firefox Test-1] INFO  utils.TestDataUtil - Generated Strong Password
02:02:10.818 [TestNG-test-Firefox Test-1] INFO  pages.RegisterPage - Registering user with mandatory fields
02:02:12.885 [TestNG-test-Firefox Test-1] INFO  pages.AccountSuccessPage - Validating Account Success page
02:02:13.369 [TestNG-test-Firefox Test-1] INFO  pages.AccountPage - Validating Account page
02:10:32.797 [TestNG-test-Test-1] INFO  testcases.RegisterAllFieldsTest - Starting test on browser: chrome | Headless: false
02:10:33.161 [TestNG-test-Test-1] INFO  io.github.bonigarcia.wdm.WebDriverManager - Using chromedriver 144.0.7559.133 (resolved driver for Chrome 144)
02:10:33.205 [TestNG-test-Test-1] INFO  io.github.bonigarcia.wdm.WebDriverManager - Exporting webdriver.chrome.driver as C:\Users\henry\.cache\selenium\chromedriver\win64\144.0.7559.133\chromedriver.exe
02:10:37.703 [TestNG-test-Test-1] INFO  testcases.RegisterAllFieldsTest - Starting Register test with all fields
02:10:37.718 [TestNG-test-Test-1] INFO  pages.HomePage - Navigating to Register Page
02:10:38.758 [TestNG-test-Test-1] INFO  utils.TestDataUtil - Generated First Name: David
02:10:38.758 [TestNG-test-Test-1] INFO  utils.TestDataUtil - Generated Last Name: Smith
02:10:38.759 [TestNG-test-Test-1] INFO  utils.TestDataUtil - Generated Email: testuser_20260214021038_722@testmail.com
02:10:38.759 [TestNG-test-Test-1] INFO  utils.TestDataUtil - Generated Phone Number: 1611822145
02:10:38.759 [TestNG-test-Test-1] INFO  utils.TestDataUtil - Generated Strong Password
02:10:38.759 [TestNG-test-Test-1] INFO  pages.RegisterPage - Registering user with all fields
02:10:41.908 [TestNG-test-Test-1] INFO  pages.AccountSuccessPage - Validating Account Success page
02:10:42.437 [TestNG-test-Test-1] INFO  pages.AccountPage - Validating Account page
02:24:28.118 [TestNG-test-Test-1] INFO  testcases.RegisterAllFieldsTest - Starting test on browser: chrome | Headless: false
02:24:28.436 [TestNG-test-Test-1] INFO  io.github.bonigarcia.wdm.WebDriverManager - Using chromedriver 144.0.7559.133 (resolved driver for Chrome 144)
02:24:28.478 [TestNG-test-Test-1] INFO  io.github.bonigarcia.wdm.WebDriverManager - Exporting webdriver.chrome.driver as C:\Users\henry\.cache\selenium\chromedriver\win64\144.0.7559.133\chromedriver.exe
02:24:35.648 [TestNG-test-Test-1] INFO  testcases.RegisterAllFieldsTest - Starting Register test with all fields
02:24:35.648 [TestNG-test-Test-1] INFO  pages.HomePage - Navigating to Register Page
02:24:36.577 [TestNG-test-Test-1] INFO  utils.TestDataUtil - Generated First Name: David
02:24:36.577 [TestNG-test-Test-1] INFO  utils.TestDataUtil - Generated Last Name: Williams
02:24:36.578 [TestNG-test-Test-1] INFO  utils.TestDataUtil - Generated Email: testuser_20260214022436_837@testmail.com
02:24:36.579 [TestNG-test-Test-1] INFO  utils.TestDataUtil - Generated Phone Number: 1774448459
02:24:36.579 [TestNG-test-Test-1] INFO  utils.TestDataUtil - Generated Strong Password
02:24:36.580 [TestNG-test-Test-1] INFO  pages.RegisterPage - Registering user with all fields
02:24:38.975 [TestNG-test-Test-1] INFO  pages.AccountSuccessPage - Validating Account Success page
02:24:39.522 [TestNG-test-Test-1] INFO  pages.AccountPage - Validating Account page
02:25:19.306 [TestNG-test-Chrome Test-1] INFO  testcases.RegisterMandatoryFieldsTest - Starting test on browser: chrome | Headless: false
02:25:19.693 [TestNG-test-Chrome Test-1] INFO  io.github.bonigarcia.wdm.WebDriverManager - Using chromedriver 144.0.7559.133 (resolved driver for Chrome 144)
02:25:19.762 [TestNG-test-Chrome Test-1] INFO  io.github.bonigarcia.wdm.WebDriverManager - Exporting webdriver.chrome.driver as C:\Users\henry\.cache\selenium\chromedriver\win64\144.0.7559.133\chromedriver.exe
02:25:24.351 [TestNG-test-Chrome Test-1] INFO  testcases.RegisterMandatoryFieldsTest - Starting Register test with mandatory fields
02:25:24.363 [TestNG-test-Chrome Test-1] INFO  pages.HomePage - Navigating to Register Page
02:25:25.402 [TestNG-test-Chrome Test-1] INFO  utils.TestDataUtil - Generated First Name: John
02:25:25.404 [TestNG-test-Chrome Test-1] INFO  utils.TestDataUtil - Generated Last Name: Williams
02:25:25.404 [TestNG-test-Chrome Test-1] INFO  utils.TestDataUtil - Generated Email: testuser_20260214022525_191@testmail.com
02:25:25.410 [TestNG-test-Chrome Test-1] INFO  utils.TestDataUtil - Generated Phone Number: 1802742789
02:25:25.418 [TestNG-test-Chrome Test-1] INFO  utils.TestDataUtil - Generated Strong Password
02:25:25.420 [TestNG-test-Chrome Test-1] INFO  pages.RegisterPage - Registering user with mandatory fields
02:25:27.954 [TestNG-test-Chrome Test-1] INFO  pages.AccountSuccessPage - Validating Account Success page
02:25:28.627 [TestNG-test-Chrome Test-1] INFO  pages.AccountPage - Validating Account page
02:25:29.328 [TestNG-test-Edge Test-1] INFO  testcases.RegisterMandatoryFieldsTest - Starting test on browser: edge | Headless: false
02:25:29.341 [TestNG-test-Edge Test-1] INFO  io.github.bonigarcia.wdm.WebDriverManager - Using msedgedriver 144.0.3719.115 (resolved driver for Edge 144)
02:25:29.354 [TestNG-test-Edge Test-1] INFO  io.github.bonigarcia.wdm.WebDriverManager - Exporting webdriver.edge.driver as C:\Users\henry\.cache\selenium\msedgedriver\win64\144.0.3719.115\msedgedriver.exe
02:25:36.059 [TestNG-test-Edge Test-1] INFO  testcases.RegisterMandatoryFieldsTest - Starting Register test with mandatory fields
02:25:36.059 [TestNG-test-Edge Test-1] INFO  pages.HomePage - Navigating to Register Page
02:25:37.783 [TestNG-test-Edge Test-1] INFO  utils.TestDataUtil - Generated First Name: John
02:25:37.783 [TestNG-test-Edge Test-1] INFO  utils.TestDataUtil - Generated Last Name: Smith
02:25:37.784 [TestNG-test-Edge Test-1] INFO  utils.TestDataUtil - Generated Email: testuser_20260214022537_471@testmail.com
02:25:37.785 [TestNG-test-Edge Test-1] INFO  utils.TestDataUtil - Generated Phone Number: 1280641869
02:25:37.785 [TestNG-test-Edge Test-1] INFO  utils.TestDataUtil - Generated Strong Password
02:25:37.785 [TestNG-test-Edge Test-1] INFO  pages.RegisterPage - Registering user with mandatory fields
02:25:41.109 [TestNG-test-Edge Test-1] INFO  pages.AccountSuccessPage - Validating Account Success page
02:25:41.675 [TestNG-test-Edge Test-1] INFO  pages.AccountPage - Validating Account page
02:25:42.054 [TestNG-test-Firefox Test-1] INFO  testcases.RegisterMandatoryFieldsTest - Starting test on browser: firefox | Headless: false
02:25:43.682 [TestNG-test-Firefox Test-1] INFO  io.github.bonigarcia.wdm.WebDriverManager - Using geckodriver 0.36.0 (resolved driver for Firefox 147)
02:25:43.729 [TestNG-test-Firefox Test-1] INFO  io.github.bonigarcia.wdm.WebDriverManager - Exporting webdriver.gecko.driver as C:\Users\henry\.cache\selenium\geckodriver\win64\0.36.0\geckodriver.exe
02:26:01.007 [TestNG-test-Firefox Test-1] INFO  testcases.RegisterMandatoryFieldsTest - Starting Register test with mandatory fields
02:26:01.013 [TestNG-test-Firefox Test-1] INFO  pages.HomePage - Navigating to Register Page
02:26:01.864 [TestNG-test-Firefox Test-1] INFO  utils.TestDataUtil - Generated First Name: David
02:26:01.864 [TestNG-test-Firefox Test-1] INFO  utils.TestDataUtil - Generated Last Name: Smith
02:26:01.864 [TestNG-test-Firefox Test-1] INFO  utils.TestDataUtil - Generated Email: testuser_20260214022601_19@testmail.com
02:26:01.864 [TestNG-test-Firefox Test-1] INFO  utils.TestDataUtil - Generated Phone Number: 1401660091
02:26:01.864 [TestNG-test-Firefox Test-1] INFO  utils.TestDataUtil - Generated Strong Password
02:26:01.864 [TestNG-test-Firefox Test-1] INFO  pages.RegisterPage - Registering user with mandatory fields
02:26:03.294 [TestNG-test-Firefox Test-1] INFO  pages.AccountSuccessPage - Validating Account Success page
02:26:03.885 [TestNG-test-Firefox Test-1] INFO  pages.AccountPage - Validating Account page
02:27:06.161 [TestNG-test-Chrome Test-1] INFO  testcases.RegisterMandatoryFieldsTest - Starting test on browser: chrome | Headless: false
02:27:06.543 [TestNG-test-Chrome Test-1] INFO  io.github.bonigarcia.wdm.WebDriverManager - Using chromedriver 144.0.7559.133 (resolved driver for Chrome 144)
02:27:06.587 [TestNG-test-Chrome Test-1] INFO  io.github.bonigarcia.wdm.WebDriverManager - Exporting webdriver.chrome.driver as C:\Users\henry\.cache\selenium\chromedriver\win64\144.0.7559.133\chromedriver.exe
02:27:10.104 [TestNG-test-Chrome Test-1] INFO  testcases.RegisterMandatoryFieldsTest - Starting Register test with mandatory fields
02:27:10.106 [TestNG-test-Chrome Test-1] INFO  pages.HomePage - Navigating to Register Page
02:27:11.146 [TestNG-test-Chrome Test-1] INFO  utils.TestDataUtil - Generated First Name: Daniel
02:27:11.146 [TestNG-test-Chrome Test-1] INFO  utils.TestDataUtil - Generated Last Name: Brown
02:27:11.148 [TestNG-test-Chrome Test-1] INFO  utils.TestDataUtil - Generated Email: testuser_20260214022711_225@testmail.com
02:27:11.148 [TestNG-test-Chrome Test-1] INFO  utils.TestDataUtil - Generated Phone Number: 1019590547
02:27:11.149 [TestNG-test-Chrome Test-1] INFO  utils.TestDataUtil - Generated Strong Password
02:27:11.149 [TestNG-test-Chrome Test-1] INFO  pages.RegisterPage - Registering user with mandatory fields
02:27:13.632 [TestNG-test-Chrome Test-1] INFO  pages.AccountSuccessPage - Validating Account Success page
02:27:14.185 [TestNG-test-Chrome Test-1] INFO  pages.AccountPage - Validating Account page
02:27:14.772 [TestNG-test-Edge Test-1] INFO  testcases.RegisterMandatoryFieldsTest - Starting test on browser: edge | Headless: false
02:27:14.785 [TestNG-test-Edge Test-1] INFO  io.github.bonigarcia.wdm.WebDriverManager - Using msedgedriver 144.0.3719.115 (resolved driver for Edge 144)
02:27:14.800 [TestNG-test-Edge Test-1] INFO  io.github.bonigarcia.wdm.WebDriverManager - Exporting webdriver.edge.driver as C:\Users\henry\.cache\selenium\msedgedriver\win64\144.0.3719.115\msedgedriver.exe
02:27:19.533 [TestNG-test-Edge Test-1] INFO  testcases.RegisterMandatoryFieldsTest - Starting Register test with mandatory fields
02:27:19.535 [TestNG-test-Edge Test-1] INFO  pages.HomePage - Navigating to Register Page
02:27:21.088 [TestNG-test-Edge Test-1] INFO  utils.TestDataUtil - Generated First Name: Daniel
02:27:21.088 [TestNG-test-Edge Test-1] INFO  utils.TestDataUtil - Generated Last Name: Williams
02:27:21.090 [TestNG-test-Edge Test-1] INFO  utils.TestDataUtil - Generated Email: testuser_20260214022721_567@testmail.com
02:27:21.090 [TestNG-test-Edge Test-1] INFO  utils.TestDataUtil - Generated Phone Number: 1213642048
02:27:21.090 [TestNG-test-Edge Test-1] INFO  utils.TestDataUtil - Generated Strong Password
02:27:21.091 [TestNG-test-Edge Test-1] INFO  pages.RegisterPage - Registering user with mandatory fields
02:27:24.282 [TestNG-test-Edge Test-1] INFO  pages.AccountSuccessPage - Validating Account Success page
02:27:24.898 [TestNG-test-Edge Test-1] INFO  pages.AccountPage - Validating Account page
02:27:25.316 [TestNG-test-Firefox Test-1] INFO  testcases.RegisterMandatoryFieldsTest - Starting test on browser: firefox | Headless: false
02:27:25.334 [TestNG-test-Firefox Test-1] INFO  io.github.bonigarcia.wdm.WebDriverManager - Using geckodriver 0.36.0 (resolved driver for Firefox 147)
02:27:25.356 [TestNG-test-Firefox Test-1] INFO  io.github.bonigarcia.wdm.WebDriverManager - Exporting webdriver.gecko.driver as C:\Users\henry\.cache\selenium\geckodriver\win64\0.36.0\geckodriver.exe
02:27:35.428 [TestNG-test-Firefox Test-1] INFO  testcases.RegisterMandatoryFieldsTest - Starting Register test with mandatory fields
02:27:35.428 [TestNG-test-Firefox Test-1] INFO  pages.HomePage - Navigating to Register Page
02:27:36.251 [TestNG-test-Firefox Test-1] INFO  utils.TestDataUtil - Generated First Name: Chris
02:27:36.251 [TestNG-test-Firefox Test-1] INFO  utils.TestDataUtil - Generated Last Name: Taylor
02:27:36.251 [TestNG-test-Firefox Test-1] INFO  utils.TestDataUtil - Generated Email: testuser_20260214022736_170@testmail.com
02:27:36.251 [TestNG-test-Firefox Test-1] INFO  utils.TestDataUtil - Generated Phone Number: 1622460819
02:27:36.251 [TestNG-test-Firefox Test-1] INFO  utils.TestDataUtil - Generated Strong Password
02:27:36.251 [TestNG-test-Firefox Test-1] INFO  pages.RegisterPage - Registering user with mandatory fields
02:27:37.768 [TestNG-test-Firefox Test-1] INFO  pages.AccountSuccessPage - Validating Account Success page
02:27:38.331 [TestNG-test-Firefox Test-1] INFO  pages.AccountPage - Validating Account page
03:23:41.077 [TestNG-tests-1] INFO  testcases.RegisterMandatoryFieldsTest - Starting test on browser: chrome | Headless: true
03:23:41.077 [TestNG-tests-3] INFO  testcases.RegisterMandatoryFieldsTest - Starting test on browser: firefox | Headless: false
03:23:41.077 [TestNG-tests-2] INFO  testcases.RegisterMandatoryFieldsTest - Starting test on browser: edge | Headless: true
03:23:42.108 [TestNG-tests-3] INFO  io.github.bonigarcia.wdm.WebDriverManager - Using geckodriver 0.36.0 (resolved driver for Firefox 147)
03:23:42.340 [TestNG-tests-3] INFO  io.github.bonigarcia.wdm.WebDriverManager - Exporting webdriver.gecko.driver as C:\Users\henry\.cache\selenium\geckodriver\win64\0.36.0\geckodriver.exe
03:23:44.726 [TestNG-tests-1] INFO  io.github.bonigarcia.wdm.WebDriverManager - Using chromedriver 144.0.7559.133 (resolved driver for Chrome 144)
03:23:44.735 [TestNG-tests-2] INFO  io.github.bonigarcia.wdm.WebDriverManager - Using msedgedriver 144.0.3719.115 (resolved driver for Edge 144)
03:23:44.878 [TestNG-tests-2] INFO  io.github.bonigarcia.wdm.WebDriverManager - Exporting webdriver.edge.driver as C:\Users\henry\.cache\selenium\msedgedriver\win64\144.0.3719.115\msedgedriver.exe
03:23:44.887 [TestNG-tests-1] INFO  io.github.bonigarcia.wdm.WebDriverManager - Exporting webdriver.chrome.driver as C:\Users\henry\.cache\selenium\chromedriver\win64\144.0.7559.133\chromedriver.exe
03:23:51.720 [TestNG-tests-1] INFO  testcases.RegisterMandatoryFieldsTest - Starting Register test with mandatory fields
03:23:51.724 [TestNG-tests-1] INFO  pages.HomePage - Navigating to Register Page
03:23:52.139 [TestNG-tests-2] INFO  testcases.RegisterMandatoryFieldsTest - Starting Register test with mandatory fields
03:23:52.145 [TestNG-tests-2] INFO  pages.HomePage - Navigating to Register Page
03:23:53.900 [TestNG-tests-1] INFO  utils.TestDataUtil - Generated First Name: Chris
03:23:53.900 [TestNG-tests-1] INFO  utils.TestDataUtil - Generated Last Name: Johnson
03:23:53.902 [TestNG-tests-1] INFO  utils.TestDataUtil - Generated Email: testuser_20260214032353_783@testmail.com
03:23:53.904 [TestNG-tests-1] INFO  utils.TestDataUtil - Generated Phone Number: 1523186660
03:23:53.904 [TestNG-tests-1] INFO  utils.TestDataUtil - Generated Strong Password
03:23:53.905 [TestNG-tests-1] INFO  pages.RegisterPage - Registering user with mandatory fields
03:23:54.122 [TestNG-tests-3] INFO  testcases.RegisterMandatoryFieldsTest - Starting Register test with mandatory fields
03:23:54.124 [TestNG-tests-3] INFO  pages.HomePage - Navigating to Register Page
03:23:55.155 [TestNG-tests-3] INFO  utils.TestDataUtil - Generated First Name: Chris
03:23:55.156 [TestNG-tests-3] INFO  utils.TestDataUtil - Generated Last Name: Williams
03:23:55.157 [TestNG-tests-3] INFO  utils.TestDataUtil - Generated Email: testuser_20260214032355_698@testmail.com
03:23:55.166 [TestNG-tests-3] INFO  utils.TestDataUtil - Generated Phone Number: 1697824897
03:23:55.187 [TestNG-tests-3] INFO  utils.TestDataUtil - Generated Strong Password
03:23:55.189 [TestNG-tests-3] INFO  pages.RegisterPage - Registering user with mandatory fields
03:23:55.238 [TestNG-tests-2] INFO  utils.TestDataUtil - Generated First Name: Daniel
03:23:55.238 [TestNG-tests-2] INFO  utils.TestDataUtil - Generated Last Name: Taylor
03:23:55.239 [TestNG-tests-2] INFO  utils.TestDataUtil - Generated Email: testuser_20260214032355_301@testmail.com
03:23:55.241 [TestNG-tests-2] INFO  utils.TestDataUtil - Generated Phone Number: 1005759248
03:23:55.242 [TestNG-tests-2] INFO  utils.TestDataUtil - Generated Strong Password
03:23:55.242 [TestNG-tests-2] INFO  pages.RegisterPage - Registering user with mandatory fields
03:23:57.193 [TestNG-tests-3] INFO  pages.AccountSuccessPage - Validating Account Success page
03:23:58.481 [TestNG-tests-3] INFO  pages.AccountPage - Validating Account page
03:23:58.802 [TestNG-tests-1] INFO  pages.AccountSuccessPage - Validating Account Success page
03:24:00.070 [TestNG-tests-1] INFO  pages.AccountPage - Validating Account page
03:24:00.104 [TestNG-tests-2] INFO  pages.AccountSuccessPage - Validating Account Success page
03:24:01.198 [TestNG-tests-2] INFO  pages.AccountPage - Validating Account page
03:27:24.412 [TestNG-tests-2] INFO  testcases.RegisterMandatoryFieldsTest - Starting test on browser: edge | Headless: false
03:27:24.412 [TestNG-tests-3] INFO  testcases.RegisterMandatoryFieldsTest - Starting test on browser: firefox | Headless: true
03:27:24.412 [TestNG-tests-1] INFO  testcases.RegisterMandatoryFieldsTest - Starting test on browser: chrome | Headless: true
03:27:25.731 [TestNG-tests-2] INFO  io.github.bonigarcia.wdm.WebDriverManager - Using msedgedriver 144.0.3719.115 (resolved driver for Edge 144)
03:27:25.894 [TestNG-tests-2] INFO  io.github.bonigarcia.wdm.WebDriverManager - Exporting webdriver.edge.driver as C:\Users\henry\.cache\selenium\msedgedriver\win64\144.0.3719.115\msedgedriver.exe
03:27:28.620 [TestNG-tests-1] INFO  io.github.bonigarcia.wdm.WebDriverManager - Using chromedriver 144.0.7559.133 (resolved driver for Chrome 144)
03:27:28.657 [TestNG-tests-3] INFO  io.github.bonigarcia.wdm.WebDriverManager - Using geckodriver 0.36.0 (resolved driver for Firefox 147)
03:27:28.977 [TestNG-tests-1] INFO  io.github.bonigarcia.wdm.WebDriverManager - Exporting webdriver.chrome.driver as C:\Users\henry\.cache\selenium\chromedriver\win64\144.0.7559.133\chromedriver.exe
03:27:29.004 [TestNG-tests-3] INFO  io.github.bonigarcia.wdm.WebDriverManager - Exporting webdriver.gecko.driver as C:\Users\henry\.cache\selenium\geckodriver\win64\0.36.0\geckodriver.exe
03:27:33.284 [TestNG-tests-2] INFO  testcases.RegisterMandatoryFieldsTest - Starting Register test with mandatory fields
03:27:33.291 [TestNG-tests-2] INFO  pages.HomePage - Navigating to Register Page
03:27:34.704 [TestNG-tests-2] INFO  utils.TestDataUtil - Generated First Name: Michael
03:27:34.708 [TestNG-tests-2] INFO  utils.TestDataUtil - Generated Last Name: Smith
03:27:34.709 [TestNG-tests-2] INFO  utils.TestDataUtil - Generated Email: testuser_20260214032734_486@testmail.com
03:27:34.718 [TestNG-tests-2] INFO  utils.TestDataUtil - Generated Phone Number: 1081696552
03:27:34.722 [TestNG-tests-2] INFO  utils.TestDataUtil - Generated Strong Password
03:27:34.722 [TestNG-tests-2] INFO  pages.RegisterPage - Registering user with mandatory fields
03:27:38.476 [TestNG-tests-2] INFO  pages.AccountSuccessPage - Validating Account Success page
03:27:38.886 [TestNG-tests-1] INFO  testcases.RegisterMandatoryFieldsTest - Starting Register test with mandatory fields
03:27:38.886 [TestNG-tests-1] INFO  pages.HomePage - Navigating to Register Page
03:27:39.631 [TestNG-tests-2] INFO  pages.AccountPage - Validating Account page
03:27:40.709 [TestNG-tests-1] INFO  utils.TestDataUtil - Generated First Name: Daniel
03:27:40.709 [TestNG-tests-1] INFO  utils.TestDataUtil - Generated Last Name: Brown
03:27:40.710 [TestNG-tests-1] INFO  utils.TestDataUtil - Generated Email: testuser_20260214032740_323@testmail.com
03:27:40.713 [TestNG-tests-1] INFO  utils.TestDataUtil - Generated Phone Number: 1675620537
03:27:40.714 [TestNG-tests-1] INFO  utils.TestDataUtil - Generated Strong Password
03:27:40.717 [TestNG-tests-1] INFO  pages.RegisterPage - Registering user with mandatory fields
03:27:44.343 [TestNG-tests-3] INFO  testcases.RegisterMandatoryFieldsTest - Starting Register test with mandatory fields
03:27:44.345 [TestNG-tests-3] INFO  pages.HomePage - Navigating to Register Page
03:27:44.893 [TestNG-tests-1] INFO  pages.AccountSuccessPage - Validating Account Success page
03:27:45.767 [TestNG-tests-1] INFO  pages.AccountPage - Validating Account page
03:27:46.069 [TestNG-tests-3] INFO  utils.TestDataUtil - Generated First Name: John
03:27:46.069 [TestNG-tests-3] INFO  utils.TestDataUtil - Generated Last Name: Johnson
03:27:46.072 [TestNG-tests-3] INFO  utils.TestDataUtil - Generated Email: testuser_20260214032746_310@testmail.com
03:27:46.074 [TestNG-tests-3] INFO  utils.TestDataUtil - Generated Phone Number: 1081113624
03:27:46.076 [TestNG-tests-3] INFO  utils.TestDataUtil - Generated Strong Password
03:27:46.076 [TestNG-tests-3] INFO  pages.RegisterPage - Registering user with mandatory fields
03:27:48.220 [TestNG-tests-3] INFO  pages.AccountSuccessPage - Validating Account Success page
03:27:49.317 [TestNG-tests-3] INFO  pages.AccountPage - Validating Account page
03:30:00.787 [TestNG-tests-1] INFO  testcases.RegisterMandatoryFieldsTest - Starting test on browser: chrome | Headless: false
03:30:00.787 [TestNG-tests-2] INFO  testcases.RegisterMandatoryFieldsTest - Starting test on browser: edge | Headless: true
03:30:00.787 [TestNG-tests-3] INFO  testcases.RegisterMandatoryFieldsTest - Starting test on browser: firefox | Headless: true
03:30:02.183 [TestNG-tests-2] INFO  io.github.bonigarcia.wdm.WebDriverManager - Using msedgedriver 144.0.3719.115 (resolved driver for Edge 144)
03:30:02.183 [TestNG-tests-3] INFO  io.github.bonigarcia.wdm.WebDriverManager - Using geckodriver 0.36.0 (resolved driver for Firefox 147)
03:30:02.415 [TestNG-tests-3] INFO  io.github.bonigarcia.wdm.WebDriverManager - Exporting webdriver.gecko.driver as C:\Users\henry\.cache\selenium\geckodriver\win64\0.36.0\geckodriver.exe
03:30:02.417 [TestNG-tests-2] INFO  io.github.bonigarcia.wdm.WebDriverManager - Exporting webdriver.edge.driver as C:\Users\henry\.cache\selenium\msedgedriver\win64\144.0.3719.115\msedgedriver.exe
03:30:04.872 [TestNG-tests-1] INFO  io.github.bonigarcia.wdm.WebDriverManager - Using chromedriver 144.0.7559.133 (resolved driver for Chrome 144)
03:30:04.967 [TestNG-tests-1] INFO  io.github.bonigarcia.wdm.WebDriverManager - Exporting webdriver.chrome.driver as C:\Users\henry\.cache\selenium\chromedriver\win64\144.0.7559.133\chromedriver.exe
03:30:17.579 [TestNG-tests-1] INFO  testcases.RegisterMandatoryFieldsTest - Starting Register test with mandatory fields
03:30:17.599 [TestNG-tests-2] INFO  testcases.RegisterMandatoryFieldsTest - Starting Register test with mandatory fields
03:30:17.632 [TestNG-tests-2] INFO  pages.HomePage - Navigating to Register Page
03:30:17.638 [TestNG-tests-1] INFO  pages.HomePage - Navigating to Register Page
03:30:20.093 [TestNG-tests-3] INFO  testcases.RegisterMandatoryFieldsTest - Starting Register test with mandatory fields
03:30:20.094 [TestNG-tests-3] INFO  pages.HomePage - Navigating to Register Page
03:30:21.411 [TestNG-tests-1] INFO  utils.TestDataUtil - Generated First Name: David
03:30:21.417 [TestNG-tests-1] INFO  utils.TestDataUtil - Generated Last Name: Brown
03:30:21.428 [TestNG-tests-1] INFO  utils.TestDataUtil - Generated Email: testuser_20260214033021_190@testmail.com
03:30:21.434 [TestNG-tests-1] INFO  utils.TestDataUtil - Generated Phone Number: 1535871995
03:30:21.436 [TestNG-tests-1] INFO  utils.TestDataUtil - Generated Strong Password
03:30:21.437 [TestNG-tests-1] INFO  pages.RegisterPage - Registering user with mandatory fields
03:30:23.049 [TestNG-tests-3] INFO  utils.TestDataUtil - Generated First Name: John
03:30:23.049 [TestNG-tests-3] INFO  utils.TestDataUtil - Generated Last Name: Williams
03:30:23.049 [TestNG-tests-3] INFO  utils.TestDataUtil - Generated Email: testuser_20260214033023_373@testmail.com
03:30:23.050 [TestNG-tests-3] INFO  utils.TestDataUtil - Generated Phone Number: 1837363953
03:30:23.050 [TestNG-tests-3] INFO  utils.TestDataUtil - Generated Strong Password
03:30:23.050 [TestNG-tests-3] INFO  pages.RegisterPage - Registering user with mandatory fields
03:30:27.230 [TestNG-tests-1] INFO  pages.AccountSuccessPage - Validating Account Success page
03:30:27.448 [TestNG-tests-3] INFO  pages.AccountSuccessPage - Validating Account Success page
03:30:28.010 [TestNG-tests-1] INFO  pages.AccountPage - Validating Account page
03:30:28.988 [TestNG-tests-3] INFO  pages.AccountPage - Validating Account page
03:34:19.559 [TestNG-tests-1] INFO  testcases.RegisterMandatoryFieldsTest - Starting test on browser: chrome | Headless: true
03:34:19.559 [TestNG-tests-2] INFO  testcases.RegisterMandatoryFieldsTest - Starting test on browser: edge | Headless: false
03:34:19.559 [TestNG-tests-3] INFO  testcases.RegisterMandatoryFieldsTest - Starting test on browser: firefox | Headless: true
03:34:20.263 [TestNG-tests-2] INFO  io.github.bonigarcia.wdm.WebDriverManager - Using msedgedriver 144.0.3719.115 (resolved driver for Edge 144)
03:34:20.263 [TestNG-tests-1] INFO  io.github.bonigarcia.wdm.WebDriverManager - Using chromedriver 144.0.7559.133 (resolved driver for Chrome 144)
03:34:20.263 [TestNG-tests-3] INFO  io.github.bonigarcia.wdm.WebDriverManager - Using geckodriver 0.36.0 (resolved driver for Firefox 147)
03:34:20.375 [TestNG-tests-1] INFO  io.github.bonigarcia.wdm.WebDriverManager - Exporting webdriver.chrome.driver as C:\Users\henry\.cache\selenium\chromedriver\win64\144.0.7559.133\chromedriver.exe
03:34:20.375 [TestNG-tests-2] INFO  io.github.bonigarcia.wdm.WebDriverManager - Exporting webdriver.edge.driver as C:\Users\henry\.cache\selenium\msedgedriver\win64\144.0.3719.115\msedgedriver.exe
03:34:20.376 [TestNG-tests-3] INFO  io.github.bonigarcia.wdm.WebDriverManager - Exporting webdriver.gecko.driver as C:\Users\henry\.cache\selenium\geckodriver\win64\0.36.0\geckodriver.exe
03:34:26.492 [TestNG-tests-2] INFO  testcases.RegisterMandatoryFieldsTest - Starting Register test with mandatory fields
03:34:26.506 [TestNG-tests-2] INFO  pages.HomePage - Navigating to Register Page
03:34:26.662 [TestNG-tests-1] INFO  testcases.RegisterMandatoryFieldsTest - Starting Register test with mandatory fields
03:34:26.662 [TestNG-tests-1] INFO  pages.HomePage - Navigating to Register Page
03:34:28.171 [TestNG-tests-2] INFO  utils.TestDataUtil - Generated First Name: Chris
03:34:28.173 [TestNG-tests-2] INFO  utils.TestDataUtil - Generated Last Name: Williams
03:34:28.174 [TestNG-tests-2] INFO  utils.TestDataUtil - Generated Email: testuser_20260214033428_707@testmail.com
03:34:28.174 [TestNG-tests-2] INFO  utils.TestDataUtil - Generated Phone Number: 1048768083
03:34:28.174 [TestNG-tests-2] INFO  utils.TestDataUtil - Generated Strong Password
03:34:28.178 [TestNG-tests-2] INFO  pages.RegisterPage - Registering user with mandatory fields
03:34:32.272 [TestNG-tests-3] INFO  testcases.RegisterMandatoryFieldsTest - Starting Register test with mandatory fields
03:34:32.273 [TestNG-tests-3] INFO  pages.HomePage - Navigating to Register Page
03:34:32.334 [TestNG-tests-2] INFO  pages.AccountSuccessPage - Validating Account Success page
03:34:33.070 [TestNG-tests-2] INFO  pages.AccountPage - Validating Account page
03:34:34.578 [TestNG-tests-3] INFO  utils.TestDataUtil - Generated First Name: David
03:34:34.580 [TestNG-tests-3] INFO  utils.TestDataUtil - Generated Last Name: Smith
03:34:34.581 [TestNG-tests-3] INFO  utils.TestDataUtil - Generated Email: testuser_20260214033434_407@testmail.com
03:34:34.583 [TestNG-tests-3] INFO  utils.TestDataUtil - Generated Phone Number: 1461465665
03:34:34.584 [TestNG-tests-3] INFO  utils.TestDataUtil - Generated Strong Password
03:34:34.584 [TestNG-tests-3] INFO  pages.RegisterPage - Registering user with mandatory fields
03:34:37.463 [TestNG-tests-3] INFO  pages.AccountSuccessPage - Validating Account Success page
03:34:38.862 [TestNG-tests-3] INFO  pages.AccountPage - Validating Account page
03:44:10.359 [TestNG-tests-2] INFO  testcases.RegisterMandatoryFieldsTest - Starting test on browser: edge | Headless: false
03:44:10.359 [TestNG-tests-1] INFO  testcases.RegisterMandatoryFieldsTest - Starting test on browser: chrome | Headless: true
03:44:10.359 [TestNG-tests-3] INFO  testcases.RegisterMandatoryFieldsTest - Starting test on browser: firefox | Headless: true
03:44:11.739 [TestNG-tests-2] INFO  io.github.bonigarcia.wdm.WebDriverManager - Using msedgedriver 144.0.3719.115 (resolved driver for Edge 144)
03:44:11.739 [TestNG-tests-3] INFO  io.github.bonigarcia.wdm.WebDriverManager - Using geckodriver 0.36.0 (resolved driver for Firefox 147)
03:44:11.739 [TestNG-tests-1] INFO  io.github.bonigarcia.wdm.WebDriverManager - Using chromedriver 144.0.7559.133 (resolved driver for Chrome 144)
03:44:11.906 [TestNG-tests-3] INFO  io.github.bonigarcia.wdm.WebDriverManager - Exporting webdriver.gecko.driver as C:\Users\henry\.cache\selenium\geckodriver\win64\0.36.0\geckodriver.exe
03:44:11.906 [TestNG-tests-1] INFO  io.github.bonigarcia.wdm.WebDriverManager - Exporting webdriver.chrome.driver as C:\Users\henry\.cache\selenium\chromedriver\win64\144.0.7559.133\chromedriver.exe
03:44:11.906 [TestNG-tests-2] INFO  io.github.bonigarcia.wdm.WebDriverManager - Exporting webdriver.edge.driver as C:\Users\henry\.cache\selenium\msedgedriver\win64\144.0.3719.115\msedgedriver.exe
03:44:19.572 [TestNG-tests-2] INFO  testcases.RegisterMandatoryFieldsTest - Starting Register test with mandatory fields
03:44:19.584 [TestNG-tests-1] INFO  testcases.RegisterMandatoryFieldsTest - Starting Register test with mandatory fields
03:44:19.590 [TestNG-tests-1] INFO  pages.HomePage - Navigating to Register Page
03:44:19.590 [TestNG-tests-2] INFO  pages.HomePage - Navigating to Register Page
03:44:21.106 [TestNG-tests-2] INFO  utils.TestDataUtil - Generated First Name: Daniel
03:44:21.108 [TestNG-tests-2] INFO  utils.TestDataUtil - Generated Last Name: Williams
03:44:21.112 [TestNG-tests-2] INFO  utils.TestDataUtil - Generated Email: testuser_20260214034421_28@testmail.com
03:44:21.113 [TestNG-tests-2] INFO  utils.TestDataUtil - Generated Phone Number: 1734671172
03:44:21.114 [TestNG-tests-2] INFO  utils.TestDataUtil - Generated Strong Password
03:44:21.114 [TestNG-tests-2] INFO  pages.RegisterPage - Registering user with mandatory fields
03:44:21.696 [TestNG-tests-1] INFO  utils.TestDataUtil - Generated First Name: David
03:44:21.697 [TestNG-tests-1] INFO  utils.TestDataUtil - Generated Last Name: Johnson
03:44:21.698 [TestNG-tests-1] INFO  utils.TestDataUtil - Generated Email: testuser_20260214034421_530@testmail.com
03:44:21.698 [TestNG-tests-1] INFO  utils.TestDataUtil - Generated Phone Number: 1698593304
03:44:21.699 [TestNG-tests-1] INFO  utils.TestDataUtil - Generated Strong Password
03:44:21.699 [TestNG-tests-1] INFO  pages.RegisterPage - Registering user with mandatory fields
03:44:25.151 [TestNG-tests-2] INFO  pages.AccountSuccessPage - Validating Account Success page
03:44:25.884 [TestNG-tests-2] INFO  pages.AccountPage - Validating Account page
03:44:26.515 [TestNG-tests-1] INFO  pages.AccountSuccessPage - Validating Account Success page
03:44:26.840 [TestNG-tests-3] INFO  testcases.RegisterMandatoryFieldsTest - Starting Register test with mandatory fields
03:44:26.841 [TestNG-tests-3] INFO  pages.HomePage - Navigating to Register Page
03:44:27.768 [TestNG-tests-1] INFO  pages.AccountPage - Validating Account page
03:44:28.607 [TestNG-tests-3] INFO  utils.TestDataUtil - Generated First Name: David
03:44:28.610 [TestNG-tests-3] INFO  utils.TestDataUtil - Generated Last Name: Johnson
03:44:28.611 [TestNG-tests-3] INFO  utils.TestDataUtil - Generated Email: testuser_20260214034428_740@testmail.com
03:44:28.613 [TestNG-tests-3] INFO  utils.TestDataUtil - Generated Phone Number: 1894365574
03:44:28.613 [TestNG-tests-3] INFO  utils.TestDataUtil - Generated Strong Password
03:44:28.613 [TestNG-tests-3] INFO  pages.RegisterPage - Registering user with mandatory fields
03:44:31.222 [TestNG-tests-3] INFO  pages.AccountSuccessPage - Validating Account Success page
03:44:32.941 [TestNG-tests-3] INFO  pages.AccountPage - Validating Account page
03:48:22.748 [TestNG-tests-3] INFO  testcases.RegisterMandatoryFieldsTest - Starting test on browser: firefox | Headless: true
03:48:22.748 [TestNG-tests-2] INFO  testcases.RegisterMandatoryFieldsTest - Starting test on browser: edge | Headless: false
03:48:22.748 [TestNG-tests-1] INFO  testcases.RegisterMandatoryFieldsTest - Starting test on browser: chrome | Headless: true
03:48:24.144 [TestNG-tests-3] INFO  io.github.bonigarcia.wdm.WebDriverManager - Using geckodriver 0.36.0 (resolved driver for Firefox 147)
03:48:24.144 [TestNG-tests-1] INFO  io.github.bonigarcia.wdm.WebDriverManager - Using chromedriver 144.0.7559.133 (resolved driver for Chrome 144)
03:48:24.144 [TestNG-tests-2] INFO  io.github.bonigarcia.wdm.WebDriverManager - Using msedgedriver 144.0.3719.115 (resolved driver for Edge 144)
03:48:24.327 [TestNG-tests-3] INFO  io.github.bonigarcia.wdm.WebDriverManager - Exporting webdriver.gecko.driver as C:\Users\henry\.cache\selenium\geckodriver\win64\0.36.0\geckodriver.exe
03:48:24.327 [TestNG-tests-2] INFO  io.github.bonigarcia.wdm.WebDriverManager - Exporting webdriver.edge.driver as C:\Users\henry\.cache\selenium\msedgedriver\win64\144.0.3719.115\msedgedriver.exe
03:48:24.327 [TestNG-tests-1] INFO  io.github.bonigarcia.wdm.WebDriverManager - Exporting webdriver.chrome.driver as C:\Users\henry\.cache\selenium\chromedriver\win64\144.0.7559.133\chromedriver.exe
03:48:30.729 [TestNG-tests-2] INFO  testcases.RegisterMandatoryFieldsTest - Starting Register test with mandatory fields
03:48:30.737 [TestNG-tests-2] INFO  pages.HomePage - Navigating to Register Page
03:48:31.002 [TestNG-tests-1] INFO  testcases.RegisterMandatoryFieldsTest - Starting Register test with mandatory fields
03:48:31.003 [TestNG-tests-1] INFO  pages.HomePage - Navigating to Register Page
03:48:31.927 [TestNG-tests-2] INFO  utils.TestDataUtil - Generated First Name: Michael
03:48:31.929 [TestNG-tests-2] INFO  utils.TestDataUtil - Generated Last Name: Brown
03:48:31.931 [TestNG-tests-2] INFO  utils.TestDataUtil - Generated Email: testuser_20260214034831_670@testmail.com
03:48:31.938 [TestNG-tests-2] INFO  utils.TestDataUtil - Generated Phone Number: 1632996892
03:48:31.940 [TestNG-tests-2] INFO  utils.TestDataUtil - Generated Strong Password
03:48:31.945 [TestNG-tests-2] INFO  pages.RegisterPage - Registering user with mandatory fields
03:48:32.647 [TestNG-tests-1] INFO  utils.TestDataUtil - Generated First Name: Michael
03:48:32.655 [TestNG-tests-1] INFO  utils.TestDataUtil - Generated Last Name: Smith
03:48:32.658 [TestNG-tests-1] INFO  utils.TestDataUtil - Generated Email: testuser_20260214034832_353@testmail.com
03:48:32.661 [TestNG-tests-1] INFO  utils.TestDataUtil - Generated Phone Number: 1216928164
03:48:32.665 [TestNG-tests-1] INFO  utils.TestDataUtil - Generated Strong Password
03:48:32.671 [TestNG-tests-1] INFO  pages.RegisterPage - Registering user with mandatory fields
03:48:36.871 [TestNG-tests-2] INFO  pages.AccountSuccessPage - Validating Account Success page
03:48:37.819 [TestNG-tests-2] INFO  pages.AccountPage - Validating Account page
03:48:37.902 [TestNG-tests-1] INFO  pages.AccountSuccessPage - Validating Account Success page
03:48:38.770 [TestNG-tests-3] INFO  testcases.RegisterMandatoryFieldsTest - Starting Register test with mandatory fields
03:48:38.772 [TestNG-tests-3] INFO  pages.HomePage - Navigating to Register Page
03:48:39.383 [TestNG-tests-1] INFO  pages.AccountPage - Validating Account page
03:48:40.334 [TestNG-tests-3] INFO  utils.TestDataUtil - Generated First Name: Chris
03:48:40.335 [TestNG-tests-3] INFO  utils.TestDataUtil - Generated Last Name: Smith
03:48:40.335 [TestNG-tests-3] INFO  utils.TestDataUtil - Generated Email: testuser_20260214034840_509@testmail.com
03:48:40.335 [TestNG-tests-3] INFO  utils.TestDataUtil - Generated Phone Number: 1139812104
03:48:40.336 [TestNG-tests-3] INFO  utils.TestDataUtil - Generated Strong Password
03:48:40.336 [TestNG-tests-3] INFO  pages.RegisterPage - Registering user with mandatory fields
03:48:42.538 [TestNG-tests-3] INFO  pages.AccountSuccessPage - Validating Account Success page
03:48:44.266 [TestNG-tests-3] INFO  pages.AccountPage - Validating Account page
21:02:24.742 [TestNG-tests-2] INFO  testcases.RegisterMandatoryFieldsTest - Starting test on browser: edge | Headless: true
21:02:24.742 [TestNG-tests-1] INFO  testcases.RegisterMandatoryFieldsTest - Starting test on browser: chrome | Headless: false
21:02:24.742 [TestNG-tests-3] INFO  testcases.RegisterMandatoryFieldsTest - Starting test on browser: firefox | Headless: false
21:02:29.289 [TestNG-tests-1] INFO  io.github.bonigarcia.wdm.WebDriverManager - Using chromedriver 144.0.7559.133 (resolved driver for Chrome 144)
21:02:29.289 [TestNG-tests-2] INFO  io.github.bonigarcia.wdm.WebDriverManager - Using msedgedriver 144.0.3719.115 (resolved driver for Edge 144)
21:02:29.295 [TestNG-tests-3] INFO  io.github.bonigarcia.wdm.WebDriverManager - Using geckodriver 0.36.0 (resolved driver for Firefox 147)
21:02:30.105 [TestNG-tests-2] INFO  io.github.bonigarcia.wdm.WebDriverManager - Exporting webdriver.edge.driver as C:\Users\henry\.cache\selenium\msedgedriver\win64\144.0.3719.115\msedgedriver.exe
21:02:30.106 [TestNG-tests-3] INFO  io.github.bonigarcia.wdm.WebDriverManager - Exporting webdriver.gecko.driver as C:\Users\henry\.cache\selenium\geckodriver\win64\0.36.0\geckodriver.exe
21:02:30.106 [TestNG-tests-1] INFO  io.github.bonigarcia.wdm.WebDriverManager - Exporting webdriver.chrome.driver as C:\Users\henry\.cache\selenium\chromedriver\win64\144.0.7559.133\chromedriver.exe
21:02:39.339 [TestNG-tests-1] INFO  testcases.RegisterMandatoryFieldsTest - Starting Register test with mandatory fields
21:02:39.348 [TestNG-tests-2] INFO  testcases.RegisterMandatoryFieldsTest - Starting Register test with mandatory fields
21:02:39.356 [TestNG-tests-1] INFO  pages.HomePage - Navigating to Register Page
21:02:39.356 [TestNG-tests-2] INFO  pages.HomePage - Navigating to Register Page
21:02:41.218 [TestNG-tests-1] INFO  utils.TestDataUtil - Generated First Name: Daniel
21:02:41.223 [TestNG-tests-1] INFO  utils.TestDataUtil - Generated Last Name: Smith
21:02:41.227 [TestNG-tests-1] INFO  utils.TestDataUtil - Generated Email: testuser_20260214210241_955@testmail.com
21:02:41.232 [TestNG-tests-1] INFO  utils.TestDataUtil - Generated Phone Number: 1498266817
21:02:41.232 [TestNG-tests-1] INFO  utils.TestDataUtil - Generated Strong Password
21:02:41.233 [TestNG-tests-1] INFO  pages.RegisterPage - Registering user with mandatory fields
21:02:41.505 [TestNG-tests-2] INFO  utils.TestDataUtil - Generated First Name: Chris
21:02:41.508 [TestNG-tests-2] INFO  utils.TestDataUtil - Generated Last Name: Taylor
21:02:41.514 [TestNG-tests-2] INFO  utils.TestDataUtil - Generated Email: testuser_20260214210241_624@testmail.com
21:02:41.516 [TestNG-tests-2] INFO  utils.TestDataUtil - Generated Phone Number: 1467111925
21:02:41.526 [TestNG-tests-2] INFO  utils.TestDataUtil - Generated Strong Password
21:02:41.526 [TestNG-tests-2] INFO  pages.RegisterPage - Registering user with mandatory fields
21:02:46.701 [TestNG-tests-1] INFO  pages.AccountSuccessPage - Validating Account Success page
21:02:47.771 [TestNG-tests-2] INFO  pages.AccountSuccessPage - Validating Account Success page
21:02:47.970 [TestNG-tests-1] INFO  pages.AccountPage - Validating Account page
21:02:49.106 [TestNG-tests-2] INFO  pages.AccountPage - Validating Account page
21:02:50.312 [TestNG-tests-3] INFO  testcases.RegisterMandatoryFieldsTest - Starting Register test with mandatory fields
21:02:50.314 [TestNG-tests-3] INFO  pages.HomePage - Navigating to Register Page
21:02:51.321 [TestNG-tests-3] INFO  utils.TestDataUtil - Generated First Name: John
21:02:51.321 [TestNG-tests-3] INFO  utils.TestDataUtil - Generated Last Name: Taylor
21:02:51.321 [TestNG-tests-3] INFO  utils.TestDataUtil - Generated Email: testuser_20260214210251_555@testmail.com
21:02:51.321 [TestNG-tests-3] INFO  utils.TestDataUtil - Generated Phone Number: 1652324156
21:02:51.324 [TestNG-tests-3] INFO  utils.TestDataUtil - Generated Strong Password
21:02:51.324 [TestNG-tests-3] INFO  pages.RegisterPage - Registering user with mandatory fields
21:02:52.906 [TestNG-tests-3] INFO  pages.AccountSuccessPage - Validating Account Success page
21:02:53.616 [TestNG-tests-3] INFO  pages.AccountPage - Validating Account page
