14:19:35.657 [main] INFO  logout_tests.LogoutFromMyAccountDropdownTest - Starting test on browser: chrome | Headless: false
14:19:37.699 [main] INFO  io.github.bonigarcia.wdm.WebDriverManager - Using chromedriver 145.0.7632.117 (resolved driver for Chrome 145)
14:19:37.738 [main] INFO  io.github.bonigarcia.wdm.WebDriverManager - Exporting webdriver.chrome.driver as C:\Users\henry\.cache\selenium\chromedriver\win64\145.0.7632.117\chromedriver.exe
14:19:42.657 [main] INFO  logout_tests.LogoutFromMyAccountDropdownTest - Starting Test: Verify Logging out via My Account dropdown menu
14:19:42.678 [main] INFO  pages.HomePage - Navigating to Login Page
14:19:43.523 [main] INFO  pages.LoginPage - Performing login with valid credentials
14:19:44.341 [main] INFO  pages.AccountPage - Log out from the account
14:19:44.341 [main] INFO  pages.AccountPage - Clicking my account dropdown menu
14:19:45.815 [main] INFO  pages.AccountPage - Clicking on logout link
14:19:46.588 [main] INFO  pages.LogoutPage - Clicking on my account dropdown menu
14:19:46.745 [main] INFO  pages.LogoutPage - Checking if login option is visible
14:19:46.855 [main] INFO  pages.LogoutPage - Clicking continue button
14:19:47.356 [main] INFO  pages.HomePage - Verify user is taken to the homepage
14:19:47.398 [main] INFO  logout_tests.LogoutFromMyAccountDropdownTest - Test Completed: Verify Logging out via My Account dropdown menu
14:23:07.019 [main] INFO  logout_tests.LogoutFromMyAccountDropdownTest - Starting test on browser: chrome | Headless: false
14:23:07.430 [main] INFO  io.github.bonigarcia.wdm.WebDriverManager - Using chromedriver 145.0.7632.117 (resolved driver for Chrome 145)
14:23:07.504 [main] INFO  io.github.bonigarcia.wdm.WebDriverManager - Exporting webdriver.chrome.driver as C:\Users\henry\.cache\selenium\chromedriver\win64\145.0.7632.117\chromedriver.exe
14:23:13.307 [main] INFO  logout_tests.LogoutFromMyAccountDropdownTest - Starting Test: Verify Logging out via My Account dropdown menu
14:23:13.318 [main] INFO  pages.HomePage - Navigating to Login Page
14:23:13.947 [main] INFO  pages.LoginPage - Performing login with valid credentials
14:23:16.535 [main] INFO  pages.AccountPage - Log out from the account
14:23:17.485 [main] INFO  pages.LogoutPage - Clicking on my account dropdown menu
14:23:17.600 [main] INFO  pages.LogoutPage - Checking if login option is visible
14:23:17.654 [main] INFO  pages.LogoutPage - Clicking continue button
14:23:18.185 [main] INFO  pages.HomePage - Verify user is taken to the homepage
14:23:18.230 [main] INFO  logout_tests.LogoutFromMyAccountDropdownTest - Test Completed: Verify Logging out via My Account dropdown menu
14:42:54.731 [main] INFO  logout_tests.LogoutFromRightColumnTest - Starting test on browser: chrome | Headless: false
14:42:55.225 [main] INFO  io.github.bonigarcia.wdm.WebDriverManager - Using chromedriver 145.0.7632.117 (resolved driver for Chrome 145)
14:42:55.305 [main] INFO  io.github.bonigarcia.wdm.WebDriverManager - Exporting webdriver.chrome.driver as C:\Users\henry\.cache\selenium\chromedriver\win64\145.0.7632.117\chromedriver.exe
14:42:59.479 [main] INFO  logout_tests.LogoutFromRightColumnTest - Starting Test: Verify Logout option from the right column
14:42:59.488 [main] INFO  pages.HomePage - Navigating to Login Page
14:43:00.241 [main] INFO  pages.LoginPage - Performing login with valid credentials
14:43:03.390 [main] INFO  pages.LogoutPage - Clicking on my account dropdown menu
14:43:03.506 [main] INFO  pages.LogoutPage - Checking if login option is visible
14:43:03.564 [main] INFO  pages.LogoutPage - Clicking continue button
14:43:04.102 [main] INFO  pages.HomePage - Verify user is taken to the homepage
14:43:04.145 [main] INFO  logout_tests.LogoutFromRightColumnTest - Test Completed: Verify Logout option from the right column
14:45:12.186 [main] INFO  logout_tests.LogoutFromRightColumnTest - Starting test on browser: chrome | Headless: false
14:45:12.591 [main] INFO  io.github.bonigarcia.wdm.WebDriverManager - Using chromedriver 145.0.7632.117 (resolved driver for Chrome 145)
14:45:12.649 [main] INFO  io.github.bonigarcia.wdm.WebDriverManager - Exporting webdriver.chrome.driver as C:\Users\henry\.cache\selenium\chromedriver\win64\145.0.7632.117\chromedriver.exe
14:45:16.149 [main] INFO  logout_tests.LogoutFromRightColumnTest - Starting Test: Verify Logout option from the right column
14:45:16.159 [main] INFO  pages.HomePage - Navigating to Login Page
14:45:16.769 [main] INFO  pages.LoginPage - Performing login with valid credentials
14:45:17.325 [main] INFO  pages.AccountPage - Clicking logout option from the right column
14:45:19.559 [main] INFO  pages.LogoutPage - Clicking on my account dropdown menu
14:45:19.649 [main] INFO  pages.LogoutPage - Checking if login option is visible
14:45:19.703 [main] INFO  pages.LogoutPage - Clicking continue button
14:45:20.241 [main] INFO  pages.HomePage - Verify user is taken to the homepage
14:45:20.270 [main] INFO  logout_tests.LogoutFromRightColumnTest - Test Completed: Verify Logout option from the right column
15:15:19.739 [main] INFO  logout_tests.LogoutBrowseBackTest - Starting test on browser: chrome | Headless: false
15:15:20.069 [main] INFO  io.github.bonigarcia.wdm.WebDriverManager - Using chromedriver 145.0.7632.117 (resolved driver for Chrome 145)
15:15:20.111 [main] INFO  io.github.bonigarcia.wdm.WebDriverManager - Exporting webdriver.chrome.driver as C:\Users\henry\.cache\selenium\chromedriver\win64\145.0.7632.117\chromedriver.exe
15:15:23.667 [main] INFO  logout_tests.LogoutBrowseBackTest - Starting Test: Verify logging out and browsing back
15:15:23.674 [main] INFO  pages.HomePage - Navigating to Login Page
15:15:24.252 [main] INFO  pages.LoginPage - Performing login with valid credentials
15:15:26.345 [main] INFO  pages.AccountPage - Log out from the account
15:15:27.270 [main] INFO  pages.LogoutPage - Navigating back using browser back button
15:15:27.295 [main] INFO  pages.AccountPage - Clicking Edit Account Information
15:15:28.038 [main] INFO  pages.LoginPage - Validating Login page is displayed
15:15:28.090 [main] INFO  logout_tests.LogoutBrowseBackTest - Test Completed Successfully
